#
# There is insufficient memory for the Java Runtime Environment to continue.
# Native memory allocation (malloc) failed to allocate 1117696 bytes. Error detail: Chunk::new
# Possible reasons:
#   The system is out of physical RAM or swap space
#   This process is running with CompressedOops enabled, and the Java Heap may be blocking the growth of the native heap
# Possible solutions:
#   Reduce memory load on the system
#   Increase physical memory or swap space
#   Check if swap backing store is full
#   Decrease Java heap size (-Xmx/-Xms)
#   Decrease number of Java threads
#   Decrease Java thread stack sizes (-Xss)
#   Set larger code cache with -XX:ReservedCodeCacheSize=
#   JVM is running with Unscaled Compressed Oops mode in which the Java heap is
#     placed in the first 4GB address space. The Java Heap base address is the
#     maximum limit for the native heap growth. Please use -XX:HeapBaseMinAddress
#     to set the Java Heap base and to place the Java Heap above 4GB virtual address.
# This output file may be truncated or incomplete.
#
#  Out of Memory Error (arena.cpp:168), pid=16680, tid=5436
#
# JRE version: OpenJDK Runtime Environment Temurin-21.0.5+11 (21.0.5+11) (build 21.0.5+11-LTS)
# Java VM: OpenJDK 64-Bit Server VM Temurin-21.0.5+11 (21.0.5+11-LTS, mixed mode, sharing, tiered, compressed oops, compressed class ptrs, g1 gc, windows-amd64)
# No core dump will be written. Minidumps are not enabled by default on client versions of Windows
#

---------------  S U M M A R Y ------------

Command Line: -XX:MaxMetaspaceSize=512m --add-opens=java.base/java.util=ALL-UNNAMED --add-opens=java.base/java.lang=ALL-UNNAMED --add-opens=java.base/java.lang.invoke=ALL-UNNAMED --add-opens=java.prefs/java.util.prefs=ALL-UNNAMED --add-exports=jdk.compiler/com.sun.tools.javac.api=ALL-UNNAMED --add-exports=jdk.compiler/com.sun.tools.javac.util=ALL-UNNAMED --add-opens=java.base/java.nio.charset=ALL-UNNAMED --add-opens=java.base/java.net=ALL-UNNAMED --add-opens=java.base/java.util.concurrent.atomic=ALL-UNNAMED -Xmx2048m -Dfile.encoding=UTF-8 -Duser.country=CA -Duser.language=en -Duser.variant -javaagent:C:\Users\KARTIKEY KHANNA\.gradle\wrapper\dists\gradle-8.10.2-all\7iv73wktx1xtkvlq19urqw1wm\gradle-8.10.2\lib\agents\gradle-instrumentation-agent-8.10.2.jar org.gradle.launcher.daemon.bootstrap.GradleDaemon 8.10.2

Host: 12th Gen Intel(R) Core(TM) i5-12450H, 12 cores, 15G,  Windows 11 , 64 bit Build 26100 (10.0.26100.2454)
Time: Tue Dec 24 16:46:20 2024 India Standard Time elapsed time: 32.568303 seconds (0d 0h 0m 32s)

---------------  T H R E A D  ---------------

Current thread (0x00000206c7ac5910):  JavaThread "C2 CompilerThread1" daemon [_thread_in_native, id=5436, stack(0x00000075b7100000,0x00000075b7200000) (1024K)]


Current CompileTask:
C2:32568 9525       4       sun.security.ec.ECOperations::setDouble (463 bytes)

Stack: [0x00000075b7100000,0x00000075b7200000]
Native frames: (J=compiled Java code, j=interpreted, Vv=VM code, C=native code)
V  [jvm.dll+0x6cd4e9]
V  [jvm.dll+0x8a7941]
V  [jvm.dll+0x8a9e6e]
V  [jvm.dll+0x8aa543]
V  [jvm.dll+0x27f6d6]
V  [jvm.dll+0xc500d]
V  [jvm.dll+0xc5543]
V  [jvm.dll+0x2f2a9d]
V  [jvm.dll+0x5f67ea]
V  [jvm.dll+0x250b82]
V  [jvm.dll+0x250f3f]
V  [jvm.dll+0x249814]
V  [jvm.dll+0x246ea4]
V  [jvm.dll+0x1c75ce]
V  [jvm.dll+0x25682a]
V  [jvm.dll+0x254dca]
V  [jvm.dll+0x3f00d6]
V  [jvm.dll+0x8514fb]
V  [jvm.dll+0x6cbbed]
C  [ucrtbase.dll+0x14ea0]
C  [KERNEL32.DLL+0x2e8d7]
C  [ntdll.dll+0xdfbcc]


---------------  P R O C E S S  ---------------

Threads class SMR info:
_java_thread_list=0x00000206c7dfd060, length=89, elements={
0x00000206823caac0, 0x00000206a0a8b330, 0x00000206a0a8bd80, 0x00000206a0a8ef80,
0x00000206a0a8f9d0, 0x00000206a0a92bd0, 0x00000206a0a93880, 0x00000206a0a99a50,
0x00000206a0aa2b20, 0x00000206a15eb370, 0x00000206a1768c50, 0x00000206c25f7bd0,
0x00000206c23ff5f0, 0x00000206c201c010, 0x00000206c244c080, 0x00000206a171ba60,
0x00000206c10dc850, 0x00000206c1016560, 0x00000206c1eb0500, 0x00000206c27256c0,
0x00000206c2723c80, 0x00000206c27263e0, 0x00000206c2726a70, 0x00000206c2725d50,
0x00000206c2724310, 0x00000206c2727100, 0x00000206c27249a0, 0x00000206c2725030,
0x00000206c310fc00, 0x00000206c310e850, 0x00000206c3111640, 0x00000206c310e1c0,
0x00000206c3111cd0, 0x00000206c310eee0, 0x00000206c310f570, 0x00000206c3113080,
0x00000206c3114430, 0x00000206c3110fb0, 0x00000206c3113da0, 0x00000206c3113710,
0x00000206c3115150, 0x00000206c31157e0, 0x00000206c3114ac0, 0x00000206c79facf0,
0x00000206c79fe170, 0x00000206c79fcdc0, 0x00000206c79fc0a0, 0x00000206c79fdae0,
0x00000206c79fd450, 0x00000206c79fe800, 0x00000206c79fb380, 0x00000206c79fee90,
0x00000206c79fc730, 0x00000206c79fba10, 0x00000206c79ffbb0, 0x00000206c7a01c80,
0x00000206c7a00f60, 0x00000206c7a00240, 0x00000206c7a02310, 0x00000206c79ff520,
0x00000206c7a008d0, 0x00000206c7a015f0, 0x00000206c482cd70, 0x00000206c482c050,
0x00000206c482b9c0, 0x00000206c482e7b0, 0x00000206c482d400, 0x00000206c482c6e0,
0x00000206c482da90, 0x00000206c482b330, 0x00000206c4830880, 0x00000206c482ee40,
0x00000206c4830f10, 0x00000206c48315a0, 0x00000206c482e120, 0x00000206c24af1b0,
0x00000206c24afed0, 0x00000206c24ad770, 0x00000206c24ade00, 0x00000206c24aeb20,
0x00000206c24af840, 0x00000206c24ae490, 0x00000206c24b0560, 0x00000206c24b0bf0,
0x00000206c778de50, 0x00000206c778e4e0, 0x00000206c778b6f0, 0x00000206c778bd80,
0x00000206c7ac5910
}

Java Threads: ( => current thread )
  0x00000206823caac0 JavaThread "main"                              [_thread_blocked, id=12700, stack(0x00000075b1400000,0x00000075b1500000) (1024K)]
  0x00000206a0a8b330 JavaThread "Reference Handler"          daemon [_thread_blocked, id=21468, stack(0x00000075b1c00000,0x00000075b1d00000) (1024K)]
  0x00000206a0a8bd80 JavaThread "Finalizer"                  daemon [_thread_blocked, id=17096, stack(0x00000075b1d00000,0x00000075b1e00000) (1024K)]
  0x00000206a0a8ef80 JavaThread "Signal Dispatcher"          daemon [_thread_blocked, id=13032, stack(0x00000075b1e00000,0x00000075b1f00000) (1024K)]
  0x00000206a0a8f9d0 JavaThread "Attach Listener"            daemon [_thread_blocked, id=17196, stack(0x00000075b1f00000,0x00000075b2000000) (1024K)]
  0x00000206a0a92bd0 JavaThread "Service Thread"             daemon [_thread_blocked, id=21384, stack(0x00000075b2000000,0x00000075b2100000) (1024K)]
  0x00000206a0a93880 JavaThread "Monitor Deflation Thread"   daemon [_thread_blocked, id=15800, stack(0x00000075b2100000,0x00000075b2200000) (1024K)]
  0x00000206a0a99a50 JavaThread "C2 CompilerThread0"         daemon [_thread_blocked, id=11268, stack(0x00000075b2200000,0x00000075b2300000) (1024K)]
  0x00000206a0aa2b20 JavaThread "C1 CompilerThread0"         daemon [_thread_blocked, id=132, stack(0x00000075b2300000,0x00000075b2400000) (1024K)]
  0x00000206a15eb370 JavaThread "Common-Cleaner"             daemon [_thread_blocked, id=7600, stack(0x00000075b2400000,0x00000075b2500000) (1024K)]
  0x00000206a1768c50 JavaThread "Notification Thread"        daemon [_thread_blocked, id=12392, stack(0x00000075b2600000,0x00000075b2700000) (1024K)]
  0x00000206c25f7bd0 JavaThread "Daemon health stats"               [_thread_blocked, id=8436, stack(0x00000075b2700000,0x00000075b2800000) (1024K)]
  0x00000206c23ff5f0 JavaThread "Incoming local TCP Connector on port 50905"        [_thread_in_native, id=9384, stack(0x00000075b2d00000,0x00000075b2e00000) (1024K)]
  0x00000206c201c010 JavaThread "Daemon periodic checks"            [_thread_blocked, id=3904, stack(0x00000075b2e00000,0x00000075b2f00000) (1024K)]
  0x00000206c244c080 JavaThread "Daemon"                            [_thread_blocked, id=5544, stack(0x00000075b2f00000,0x00000075b3000000) (1024K)]
  0x00000206a171ba60 JavaThread "Handler for socket connection from /127.0.0.1:50905 to /127.0.0.1:50907"        [_thread_in_native, id=17468, stack(0x00000075b3000000,0x00000075b3100000) (1024K)]
  0x00000206c10dc850 JavaThread "Cancel handler"                    [_thread_blocked, id=18444, stack(0x00000075b3100000,0x00000075b3200000) (1024K)]
  0x00000206c1016560 JavaThread "Daemon worker"                     [_thread_in_vm, id=21068, stack(0x00000075b3200000,0x00000075b3300000) (1024K)]
  0x00000206c1eb0500 JavaThread "Asynchronous log dispatcher for DefaultDaemonConnection: socket connection from /127.0.0.1:50905 to /127.0.0.1:50907"        [_thread_blocked, id=19904, stack(0x00000075b3300000,0x00000075b3400000) (1024K)]
  0x00000206c27256c0 JavaThread "Stdin handler"                     [_thread_blocked, id=20052, stack(0x00000075b3400000,0x00000075b3500000) (1024K)]
  0x00000206c2723c80 JavaThread "Daemon client event forwarder"        [_thread_blocked, id=18948, stack(0x00000075b3500000,0x00000075b3600000) (1024K)]
  0x00000206c27263e0 JavaThread "Cache worker for journal cache (C:\Users\KARTIKEY KHANNA\.gradle\caches\journal-1)"        [_thread_blocked, id=21240, stack(0x00000075b3600000,0x00000075b3700000) (1024K)]
  0x00000206c2726a70 JavaThread "File lock request listener"        [_thread_in_native, id=20276, stack(0x00000075b3700000,0x00000075b3800000) (1024K)]
  0x00000206c2725d50 JavaThread "Cache worker for file hash cache (C:\Users\KARTIKEY KHANNA\.gradle\caches\8.10.2\fileHashes)"        [_thread_blocked, id=18976, stack(0x00000075b3800000,0x00000075b3900000) (1024K)]
  0x00000206c2724310 JavaThread "Cache worker for file hash cache (D:\app\Healthify_2\android\.gradle\8.10.2\fileHashes)"        [_thread_blocked, id=17032, stack(0x00000075b4000000,0x00000075b4100000) (1024K)]
  0x00000206c2727100 JavaThread "Cache worker for Build Output Cleanup Cache (D:\app\Healthify_2\android\.gradle\buildOutputCleanup)"        [_thread_blocked, id=7276, stack(0x00000075b4100000,0x00000075b4200000) (1024K)]
  0x00000206c27249a0 JavaThread "File watcher server"        daemon [_thread_in_native, id=1640, stack(0x00000075b2500000,0x00000075b2600000) (1024K)]
  0x00000206c2725030 JavaThread "File watcher consumer"      daemon [_thread_blocked, id=16304, stack(0x00000075b3900000,0x00000075b3a00000) (1024K)]
  0x00000206c310fc00 JavaThread "Cache worker for checksums cache (D:\app\Healthify_2\android\.gradle\8.10.2\checksums)"        [_thread_blocked, id=18284, stack(0x00000075b4200000,0x00000075b4300000) (1024K)]
  0x00000206c310e850 JavaThread "Cache worker for file content cache (C:\Users\KARTIKEY KHANNA\.gradle\caches\8.10.2\fileContent)"        [_thread_blocked, id=2636, stack(0x00000075b4300000,0x00000075b4400000) (1024K)]
  0x00000206c3111640 JavaThread "Cache worker for cache directory md-rule (C:\Users\KARTIKEY KHANNA\.gradle\caches\8.10.2\md-rule)"        [_thread_blocked, id=12564, stack(0x00000075b4400000,0x00000075b4500000) (1024K)]
  0x00000206c310e1c0 JavaThread "Cache worker for cache directory md-supplier (C:\Users\KARTIKEY KHANNA\.gradle\caches\8.10.2\md-supplier)"        [_thread_blocked, id=3260, stack(0x00000075b4500000,0x00000075b4600000) (1024K)]
  0x00000206c3111cd0 JavaThread "jar transforms"                    [_thread_blocked, id=5096, stack(0x00000075b4800000,0x00000075b4900000) (1024K)]
  0x00000206c310eee0 JavaThread "Cache worker for Build Output Cleanup Cache (D:\app\Healthify_2\node_modules\@react-native\gradle-plugin\.gradle\buildOutputCleanup)"        [_thread_blocked, id=21056, stack(0x00000075b4900000,0x00000075b4a00000) (1024K)]
  0x00000206c310f570 JavaThread "Unconstrained build operations"        [_thread_blocked, id=19960, stack(0x00000075b4700000,0x00000075b4800000) (1024K)]
  0x00000206c3113080 JavaThread "Unconstrained build operations Thread 2"        [_thread_blocked, id=6968, stack(0x00000075b4a00000,0x00000075b4b00000) (1024K)]
  0x00000206c3114430 JavaThread "Unconstrained build operations Thread 3"        [_thread_blocked, id=10056, stack(0x00000075b4b00000,0x00000075b4c00000) (1024K)]
  0x00000206c3110fb0 JavaThread "Unconstrained build operations Thread 4"        [_thread_blocked, id=16268, stack(0x00000075b4c00000,0x00000075b4d00000) (1024K)]
  0x00000206c3113da0 JavaThread "Unconstrained build operations Thread 5"        [_thread_blocked, id=21488, stack(0x00000075b4d00000,0x00000075b4e00000) (1024K)]
  0x00000206c3113710 JavaThread "Unconstrained build operations Thread 6"        [_thread_blocked, id=10292, stack(0x00000075b4e00000,0x00000075b4f00000) (1024K)]
  0x00000206c3115150 JavaThread "Unconstrained build operations Thread 7"        [_thread_blocked, id=19952, stack(0x00000075b4600000,0x00000075b4700000) (1024K)]
  0x00000206c31157e0 JavaThread "Unconstrained build operations Thread 8"        [_thread_blocked, id=19996, stack(0x00000075b4f00000,0x00000075b5000000) (1024K)]
  0x00000206c3114ac0 JavaThread "Unconstrained build operations Thread 9"        [_thread_blocked, id=15368, stack(0x00000075b5000000,0x00000075b5100000) (1024K)]
  0x00000206c79facf0 JavaThread "Unconstrained build operations Thread 10"        [_thread_blocked, id=4348, stack(0x00000075b5100000,0x00000075b5200000) (1024K)]
  0x00000206c79fe170 JavaThread "Unconstrained build operations Thread 11"        [_thread_blocked, id=20160, stack(0x00000075b5200000,0x00000075b5300000) (1024K)]
  0x00000206c79fcdc0 JavaThread "Unconstrained build operations Thread 12"        [_thread_blocked, id=19728, stack(0x00000075b5300000,0x00000075b5400000) (1024K)]
  0x00000206c79fc0a0 JavaThread "Unconstrained build operations Thread 13"        [_thread_blocked, id=13856, stack(0x00000075b5400000,0x00000075b5500000) (1024K)]
  0x00000206c79fdae0 JavaThread "Unconstrained build operations Thread 14"        [_thread_blocked, id=13076, stack(0x00000075b5500000,0x00000075b5600000) (1024K)]
  0x00000206c79fd450 JavaThread "Unconstrained build operations Thread 15"        [_thread_blocked, id=8448, stack(0x00000075b5600000,0x00000075b5700000) (1024K)]
  0x00000206c79fe800 JavaThread "Unconstrained build operations Thread 16"        [_thread_blocked, id=5052, stack(0x00000075b5700000,0x00000075b5800000) (1024K)]
  0x00000206c79fb380 JavaThread "Unconstrained build operations Thread 17"        [_thread_blocked, id=17808, stack(0x00000075b5800000,0x00000075b5900000) (1024K)]
  0x00000206c79fee90 JavaThread "Unconstrained build operations Thread 18"        [_thread_blocked, id=672, stack(0x00000075b5900000,0x00000075b5a00000) (1024K)]
  0x00000206c79fc730 JavaThread "Unconstrained build operations Thread 19"        [_thread_blocked, id=21952, stack(0x00000075b5a00000,0x00000075b5b00000) (1024K)]
  0x00000206c79fba10 JavaThread "Unconstrained build operations Thread 20"        [_thread_blocked, id=22232, stack(0x00000075b5b00000,0x00000075b5c00000) (1024K)]
  0x00000206c79ffbb0 JavaThread "Unconstrained build operations Thread 21"        [_thread_blocked, id=20720, stack(0x00000075b5c00000,0x00000075b5d00000) (1024K)]
  0x00000206c7a01c80 JavaThread "Unconstrained build operations Thread 22"        [_thread_blocked, id=17384, stack(0x00000075b5d00000,0x00000075b5e00000) (1024K)]
  0x00000206c7a00f60 JavaThread "Unconstrained build operations Thread 23"        [_thread_blocked, id=17496, stack(0x00000075b5e00000,0x00000075b5f00000) (1024K)]
  0x00000206c7a00240 JavaThread "Unconstrained build operations Thread 24"        [_thread_blocked, id=19460, stack(0x00000075b5f00000,0x00000075b6000000) (1024K)]
  0x00000206c7a02310 JavaThread "Unconstrained build operations Thread 25"        [_thread_blocked, id=17784, stack(0x00000075b6000000,0x00000075b6100000) (1024K)]
  0x00000206c79ff520 JavaThread "Unconstrained build operations Thread 26"        [_thread_blocked, id=604, stack(0x00000075b6100000,0x00000075b6200000) (1024K)]
  0x00000206c7a008d0 JavaThread "Unconstrained build operations Thread 27"        [_thread_blocked, id=3740, stack(0x00000075b6200000,0x00000075b6300000) (1024K)]
  0x00000206c7a015f0 JavaThread "Unconstrained build operations Thread 28"        [_thread_blocked, id=16804, stack(0x00000075b6300000,0x00000075b6400000) (1024K)]
  0x00000206c482cd70 JavaThread "Unconstrained build operations Thread 29"        [_thread_blocked, id=5524, stack(0x00000075b6400000,0x00000075b6500000) (1024K)]
  0x00000206c482c050 JavaThread "Unconstrained build operations Thread 30"        [_thread_blocked, id=5184, stack(0x00000075b6500000,0x00000075b6600000) (1024K)]
  0x00000206c482b9c0 JavaThread "Unconstrained build operations Thread 31"        [_thread_blocked, id=10296, stack(0x00000075b6600000,0x00000075b6700000) (1024K)]
  0x00000206c482e7b0 JavaThread "Unconstrained build operations Thread 32"        [_thread_blocked, id=12936, stack(0x00000075b6700000,0x00000075b6800000) (1024K)]
  0x00000206c482d400 JavaThread "Unconstrained build operations Thread 33"        [_thread_blocked, id=18372, stack(0x00000075b6800000,0x00000075b6900000) (1024K)]
  0x00000206c482c6e0 JavaThread "Unconstrained build operations Thread 34"        [_thread_blocked, id=3788, stack(0x00000075b6900000,0x00000075b6a00000) (1024K)]
  0x00000206c482da90 JavaThread "Unconstrained build operations Thread 35"        [_thread_blocked, id=17320, stack(0x00000075b6a00000,0x00000075b6b00000) (1024K)]
  0x00000206c482b330 JavaThread "Unconstrained build operations Thread 36"        [_thread_blocked, id=4308, stack(0x00000075b6b00000,0x00000075b6c00000) (1024K)]
  0x00000206c4830880 JavaThread "Unconstrained build operations Thread 37"        [_thread_blocked, id=20244, stack(0x00000075b6c00000,0x00000075b6d00000) (1024K)]
  0x00000206c482ee40 JavaThread "Unconstrained build operations Thread 38"        [_thread_blocked, id=15532, stack(0x00000075b6d00000,0x00000075b6e00000) (1024K)]
  0x00000206c4830f10 JavaThread "Unconstrained build operations Thread 39"        [_thread_blocked, id=21956, stack(0x00000075b6e00000,0x00000075b6f00000) (1024K)]
  0x00000206c48315a0 JavaThread "Memory manager"                    [_thread_blocked, id=2924, stack(0x00000075b7000000,0x00000075b7100000) (1024K)]
  0x00000206c482e120 JavaThread "build event listener"              [_thread_blocked, id=12880, stack(0x00000075b7200000,0x00000075b7300000) (1024K)]
  0x00000206c24af1b0 JavaThread "ForkJoinPool.commonPool-worker-1" daemon [_thread_blocked, id=19564, stack(0x00000075b7300000,0x00000075b7400000) (1024K)]
  0x00000206c24afed0 JavaThread "ForkJoinPool.commonPool-worker-2" daemon [_thread_blocked, id=2644, stack(0x00000075b7400000,0x00000075b7500000) (1024K)]
  0x00000206c24ad770 JavaThread "ForkJoinPool.commonPool-worker-3" daemon [_thread_blocked, id=17728, stack(0x00000075b7500000,0x00000075b7600000) (1024K)]
  0x00000206c24ade00 JavaThread "ForkJoinPool.commonPool-worker-4" daemon [_thread_blocked, id=20312, stack(0x00000075b7600000,0x00000075b7700000) (1024K)]
  0x00000206c24aeb20 JavaThread "ForkJoinPool.commonPool-worker-5" daemon [_thread_blocked, id=13108, stack(0x00000075b7700000,0x00000075b7800000) (1024K)]
  0x00000206c24af840 JavaThread "ForkJoinPool.commonPool-worker-6" daemon [_thread_blocked, id=21364, stack(0x00000075b7800000,0x00000075b7900000) (1024K)]
  0x00000206c24ae490 JavaThread "ForkJoinPool.commonPool-worker-7" daemon [_thread_blocked, id=11012, stack(0x00000075b7900000,0x00000075b7a00000) (1024K)]
  0x00000206c24b0560 JavaThread "ForkJoinPool.commonPool-worker-8" daemon [_thread_blocked, id=5032, stack(0x00000075b7a00000,0x00000075b7b00000) (1024K)]
  0x00000206c24b0bf0 JavaThread "ForkJoinPool.commonPool-worker-9" daemon [_thread_blocked, id=6948, stack(0x00000075b7b00000,0x00000075b7c00000) (1024K)]
  0x00000206c778de50 JavaThread "ForkJoinPool.commonPool-worker-10" daemon [_thread_blocked, id=15444, stack(0x00000075b7c00000,0x00000075b7d00000) (1024K)]
  0x00000206c778e4e0 JavaThread "Exec process"                      [_thread_blocked, id=21976, stack(0x00000075b7d00000,0x00000075b7e00000) (1024K)]
  0x00000206c778b6f0 JavaThread "Exec process Thread 2"             [_thread_blocked, id=17488, stack(0x00000075b7e00000,0x00000075b7f00000) (1024K)]
  0x00000206c778bd80 JavaThread "Exec process Thread 3"             [_thread_blocked, id=18552, stack(0x00000075b7f00000,0x00000075b8000000) (1024K)]
=>0x00000206c7ac5910 JavaThread "C2 CompilerThread1"         daemon [_thread_in_native, id=5436, stack(0x00000075b7100000,0x00000075b7200000) (1024K)]
Total: 89

Other Threads:
  0x00000206a0a71ea0 VMThread "VM Thread"                           [id=12036, stack(0x00000075b1b00000,0x00000075b1c00000) (1024K)]
  0x00000206a14d09d0 WatcherThread "VM Periodic Task Thread"        [id=18952, stack(0x00000075b1a00000,0x00000075b1b00000) (1024K)]
  0x0000020682420eb0 WorkerThread "GC Thread#0"                     [id=3488, stack(0x00000075b1500000,0x00000075b1600000) (1024K)]
  0x00000206c161e4d0 WorkerThread "GC Thread#1"                     [id=18192, stack(0x00000075b2800000,0x00000075b2900000) (1024K)]
  0x00000206c1607800 WorkerThread "GC Thread#2"                     [id=336, stack(0x00000075b2900000,0x00000075b2a00000) (1024K)]
  0x00000206c1607ba0 WorkerThread "GC Thread#3"                     [id=20156, stack(0x00000075b2a00000,0x00000075b2b00000) (1024K)]
  0x00000206c1648910 WorkerThread "GC Thread#4"                     [id=17768, stack(0x00000075b2b00000,0x00000075b2c00000) (1024K)]
  0x00000206c1648cb0 WorkerThread "GC Thread#5"                     [id=10960, stack(0x00000075b2c00000,0x00000075b2d00000) (1024K)]
  0x00000206c4bb3670 WorkerThread "GC Thread#6"                     [id=1580, stack(0x00000075b3a00000,0x00000075b3b00000) (1024K)]
  0x00000206c4bb5370 WorkerThread "GC Thread#7"                     [id=13080, stack(0x00000075b3b00000,0x00000075b3c00000) (1024K)]
  0x00000206c4bb6cd0 WorkerThread "GC Thread#8"                     [id=8676, stack(0x00000075b3c00000,0x00000075b3d00000) (1024K)]
  0x00000206c4bb3db0 WorkerThread "GC Thread#9"                     [id=21356, stack(0x00000075b3d00000,0x00000075b3e00000) (1024K)]
  0x0000020682471010 ConcurrentGCThread "G1 Main Marker"            [id=10964, stack(0x00000075b1600000,0x00000075b1700000) (1024K)]
  0x00000206824720c0 WorkerThread "G1 Conc#0"                       [id=11312, stack(0x00000075b1700000,0x00000075b1800000) (1024K)]
  0x00000206c4bb6930 WorkerThread "G1 Conc#1"                       [id=13072, stack(0x00000075b3e00000,0x00000075b3f00000) (1024K)]
  0x00000206c4bb7070 WorkerThread "G1 Conc#2"                       [id=2940, stack(0x00000075b3f00000,0x00000075b4000000) (1024K)]
  0x00000206a09b5200 ConcurrentGCThread "G1 Refine#0"               [id=7760, stack(0x00000075b1800000,0x00000075b1900000) (1024K)]
  0x00000206a09b5b80 ConcurrentGCThread "G1 Service"                [id=9756, stack(0x00000075b1900000,0x00000075b1a00000) (1024K)]
Total: 18

Threads with active compile tasks:
C2 CompilerThread1  32594 9525       4       sun.security.ec.ECOperations::setDouble (463 bytes)
Total: 1

VM state: not at safepoint (normal execution)

VM Mutex/Monitor currently owned by a thread: None

Heap address: 0x0000000080000000, size: 2048 MB, Compressed Oops mode: 32-bit

CDS archive(s) mapped at: [0x00000206a2000000-0x00000206a2c80000-0x00000206a2c80000), size 13107200, SharedBaseAddress: 0x00000206a2000000, ArchiveRelocationMode: 1.
Compressed class space mapped at: 0x00000206a3000000-0x00000206bd000000, reserved size: 436207616
Narrow klass base: 0x00000206a2000000, Narrow klass shift: 0, Narrow klass range: 0x100000000

GC Precious Log:
 CardTable entry size: 512
 Card Set container configuration: InlinePtr #cards 5 size 8 Array Of Cards #cards 12 size 40 Howl #buckets 4 coarsen threshold 1843 Howl Bitmap #cards 512 size 80 coarsen threshold 460 Card regions per heap region 1 cards per card region 2048
 CPUs: 12 total, 12 available
 Memory: 16052M
 Large Page Support: Disabled
 NUMA Support: Disabled
 Compressed Oops: Enabled (32-bit)
 Heap Region Size: 1M
 Heap Min Capacity: 8M
 Heap Initial Capacity: 252M
 Heap Max Capacity: 2G
 Pre-touch: Disabled
 Parallel Workers: 10
 Concurrent Workers: 3
 Concurrent Refinement Workers: 10
 Periodic GC: Disabled

Heap:
 garbage-first heap   total 119808K, used 105168K [0x0000000080000000, 0x0000000100000000)
  region size 1024K, 35 young (35840K), 4 survivors (4096K)
 Metaspace       used 76959K, committed 79040K, reserved 557056K
  class space    used 10709K, committed 11776K, reserved 425984K

Heap Regions: E=young(eden), S=young(survivor), O=old, HS=humongous(starts), HC=humongous(continues), CS=collection set, F=free, TAMS=top-at-mark-start, PB=parsable bottom
|   0|0x0000000080000000, 0x0000000080100000, 0x0000000080100000|100%| O|  |TAMS 0x0000000080000000| PB 0x0000000080000000| Untracked 
|   1|0x0000000080100000, 0x0000000080200000, 0x0000000080200000|100%|HS|  |TAMS 0x0000000080100000| PB 0x0000000080100000| Complete 
|   2|0x0000000080200000, 0x0000000080300000, 0x0000000080300000|100%|HC|  |TAMS 0x0000000080200000| PB 0x0000000080200000| Complete 
|   3|0x0000000080300000, 0x0000000080400000, 0x0000000080400000|100%|HC|  |TAMS 0x0000000080300000| PB 0x0000000080300000| Complete 
|   4|0x0000000080400000, 0x0000000080500000, 0x0000000080500000|100%|HC|  |TAMS 0x0000000080400000| PB 0x0000000080400000| Complete 
|   5|0x0000000080500000, 0x0000000080600000, 0x0000000080600000|100%| O|  |TAMS 0x0000000080500000| PB 0x0000000080500000| Untracked 
|   6|0x0000000080600000, 0x0000000080700000, 0x0000000080700000|100%| O|  |TAMS 0x0000000080600000| PB 0x0000000080600000| Untracked 
|   7|0x0000000080700000, 0x0000000080800000, 0x0000000080800000|100%| O|  |TAMS 0x0000000080700000| PB 0x0000000080700000| Untracked 
|   8|0x0000000080800000, 0x0000000080900000, 0x0000000080900000|100%| O|  |TAMS 0x0000000080800000| PB 0x0000000080800000| Untracked 
|   9|0x0000000080900000, 0x0000000080a00000, 0x0000000080a00000|100%|HS|  |TAMS 0x0000000080900000| PB 0x0000000080900000| Complete 
|  10|0x0000000080a00000, 0x0000000080b00000, 0x0000000080b00000|100%| O|  |TAMS 0x0000000080a00000| PB 0x0000000080a00000| Untracked 
|  11|0x0000000080b00000, 0x0000000080c00000, 0x0000000080c00000|100%| O|  |TAMS 0x0000000080b00000| PB 0x0000000080b00000| Untracked 
|  12|0x0000000080c00000, 0x0000000080d00000, 0x0000000080d00000|100%| O|  |TAMS 0x0000000080c00000| PB 0x0000000080c00000| Untracked 
|  13|0x0000000080d00000, 0x0000000080e00000, 0x0000000080e00000|100%| O|  |TAMS 0x0000000080d00000| PB 0x0000000080d00000| Untracked 
|  14|0x0000000080e00000, 0x0000000080f00000, 0x0000000080f00000|100%| O|  |TAMS 0x0000000080e00000| PB 0x0000000080e00000| Untracked 
|  15|0x0000000080f00000, 0x0000000081000000, 0x0000000081000000|100%| O|  |TAMS 0x0000000080f00000| PB 0x0000000080f00000| Untracked 
|  16|0x0000000081000000, 0x0000000081100000, 0x0000000081100000|100%| O|  |TAMS 0x0000000081000000| PB 0x0000000081000000| Untracked 
|  17|0x0000000081100000, 0x0000000081200000, 0x0000000081200000|100%| O|  |TAMS 0x0000000081100000| PB 0x0000000081100000| Untracked 
|  18|0x0000000081200000, 0x0000000081300000, 0x0000000081300000|100%| O|  |TAMS 0x0000000081200000| PB 0x0000000081200000| Untracked 
|  19|0x0000000081300000, 0x0000000081400000, 0x0000000081400000|100%| O|  |TAMS 0x0000000081300000| PB 0x0000000081300000| Untracked 
|  20|0x0000000081400000, 0x0000000081500000, 0x0000000081500000|100%| O|  |TAMS 0x0000000081400000| PB 0x0000000081400000| Untracked 
|  21|0x0000000081500000, 0x0000000081600000, 0x0000000081600000|100%| O|  |TAMS 0x0000000081500000| PB 0x0000000081500000| Untracked 
|  22|0x0000000081600000, 0x0000000081700000, 0x0000000081700000|100%| O|  |TAMS 0x0000000081600000| PB 0x0000000081600000| Untracked 
|  23|0x0000000081700000, 0x0000000081800000, 0x0000000081800000|100%| O|  |TAMS 0x0000000081700000| PB 0x0000000081700000| Untracked 
|  24|0x0000000081800000, 0x0000000081900000, 0x0000000081900000|100%| O|  |TAMS 0x0000000081800000| PB 0x0000000081800000| Untracked 
|  25|0x0000000081900000, 0x0000000081a00000, 0x0000000081a00000|100%| O|  |TAMS 0x0000000081900000| PB 0x0000000081900000| Untracked 
|  26|0x0000000081a00000, 0x0000000081b00000, 0x0000000081b00000|100%| O|  |TAMS 0x0000000081a00000| PB 0x0000000081a00000| Untracked 
|  27|0x0000000081b00000, 0x0000000081c00000, 0x0000000081c00000|100%| O|  |TAMS 0x0000000081b00000| PB 0x0000000081b00000| Untracked 
|  28|0x0000000081c00000, 0x0000000081d00000, 0x0000000081d00000|100%| O|  |TAMS 0x0000000081c00000| PB 0x0000000081c00000| Untracked 
|  29|0x0000000081d00000, 0x0000000081e00000, 0x0000000081e00000|100%| O|  |TAMS 0x0000000081d00000| PB 0x0000000081d00000| Untracked 
|  30|0x0000000081e00000, 0x0000000081f00000, 0x0000000081f00000|100%| O|  |TAMS 0x0000000081e00000| PB 0x0000000081e00000| Untracked 
|  31|0x0000000081f00000, 0x0000000082000000, 0x0000000082000000|100%| O|  |TAMS 0x0000000081f00000| PB 0x0000000081f00000| Untracked 
|  32|0x0000000082000000, 0x0000000082100000, 0x0000000082100000|100%| O|  |TAMS 0x0000000082000000| PB 0x0000000082000000| Untracked 
|  33|0x0000000082100000, 0x0000000082200000, 0x0000000082200000|100%| O|  |TAMS 0x0000000082100000| PB 0x0000000082100000| Untracked 
|  34|0x0000000082200000, 0x0000000082300000, 0x0000000082300000|100%| O|  |TAMS 0x0000000082200000| PB 0x0000000082200000| Untracked 
|  35|0x0000000082300000, 0x0000000082400000, 0x0000000082400000|100%| O|  |TAMS 0x0000000082300000| PB 0x0000000082300000| Untracked 
|  36|0x0000000082400000, 0x0000000082500000, 0x0000000082500000|100%| O|  |TAMS 0x0000000082400000| PB 0x0000000082400000| Untracked 
|  37|0x0000000082500000, 0x0000000082600000, 0x0000000082600000|100%|HS|  |TAMS 0x0000000082500000| PB 0x0000000082500000| Complete 
|  38|0x0000000082600000, 0x0000000082700000, 0x0000000082700000|100%|HC|  |TAMS 0x0000000082600000| PB 0x0000000082600000| Complete 
|  39|0x0000000082700000, 0x0000000082800000, 0x0000000082800000|100%|HS|  |TAMS 0x0000000082700000| PB 0x0000000082700000| Complete 
|  40|0x0000000082800000, 0x0000000082900000, 0x0000000082900000|100%|HC|  |TAMS 0x0000000082800000| PB 0x0000000082800000| Complete 
|  41|0x0000000082900000, 0x0000000082a00000, 0x0000000082a00000|100%| O|  |TAMS 0x0000000082900000| PB 0x0000000082900000| Untracked 
|  42|0x0000000082a00000, 0x0000000082a00000, 0x0000000082b00000|  0%| F|  |TAMS 0x0000000082a00000| PB 0x0000000082a00000| Untracked 
|  43|0x0000000082b00000, 0x0000000082c00000, 0x0000000082c00000|100%|HS|  |TAMS 0x0000000082b00000| PB 0x0000000082b00000| Complete 
|  44|0x0000000082c00000, 0x0000000082d00000, 0x0000000082d00000|100%|HC|  |TAMS 0x0000000082c00000| PB 0x0000000082c00000| Complete 
|  45|0x0000000082d00000, 0x0000000082e00000, 0x0000000082e00000|100%|HC|  |TAMS 0x0000000082d00000| PB 0x0000000082d00000| Complete 
|  46|0x0000000082e00000, 0x0000000082f00000, 0x0000000082f00000|100%|HC|  |TAMS 0x0000000082e00000| PB 0x0000000082e00000| Complete 
|  47|0x0000000082f00000, 0x0000000083000000, 0x0000000083000000|100%|HS|  |TAMS 0x0000000082f00000| PB 0x0000000082f00000| Complete 
|  48|0x0000000083000000, 0x0000000083100000, 0x0000000083100000|100%|HC|  |TAMS 0x0000000083000000| PB 0x0000000083000000| Complete 
|  49|0x0000000083100000, 0x0000000083200000, 0x0000000083200000|100%|HC|  |TAMS 0x0000000083100000| PB 0x0000000083100000| Complete 
|  50|0x0000000083200000, 0x0000000083300000, 0x0000000083300000|100%|HC|  |TAMS 0x0000000083200000| PB 0x0000000083200000| Complete 
|  51|0x0000000083300000, 0x0000000083400000, 0x0000000083400000|100%| O|  |TAMS 0x0000000083300000| PB 0x0000000083300000| Untracked 
|  52|0x0000000083400000, 0x0000000083500000, 0x0000000083500000|100%| O|  |TAMS 0x0000000083400000| PB 0x0000000083400000| Untracked 
|  53|0x0000000083500000, 0x0000000083600000, 0x0000000083600000|100%| O|  |TAMS 0x0000000083500000| PB 0x0000000083500000| Untracked 
|  54|0x0000000083600000, 0x0000000083600000, 0x0000000083700000|  0%| F|  |TAMS 0x0000000083600000| PB 0x0000000083600000| Untracked 
|  55|0x0000000083700000, 0x0000000083800000, 0x0000000083800000|100%| O|  |TAMS 0x0000000083700000| PB 0x0000000083700000| Untracked 
|  56|0x0000000083800000, 0x0000000083900000, 0x0000000083900000|100%| O|  |TAMS 0x0000000083800000| PB 0x0000000083800000| Untracked 
|  57|0x0000000083900000, 0x0000000083a00000, 0x0000000083a00000|100%| O|  |TAMS 0x0000000083900000| PB 0x0000000083900000| Untracked 
|  58|0x0000000083a00000, 0x0000000083b00000, 0x0000000083b00000|100%| O|  |TAMS 0x0000000083a00000| PB 0x0000000083a00000| Untracked 
|  59|0x0000000083b00000, 0x0000000083c00000, 0x0000000083c00000|100%| O|  |TAMS 0x0000000083b00000| PB 0x0000000083b00000| Untracked 
|  60|0x0000000083c00000, 0x0000000083d00000, 0x0000000083d00000|100%| O|  |TAMS 0x0000000083c00000| PB 0x0000000083c00000| Untracked 
|  61|0x0000000083d00000, 0x0000000083e00000, 0x0000000083e00000|100%| O|  |TAMS 0x0000000083d00000| PB 0x0000000083d00000| Untracked 
|  62|0x0000000083e00000, 0x0000000083f00000, 0x0000000083f00000|100%| O|  |TAMS 0x0000000083e00000| PB 0x0000000083e00000| Untracked 
|  63|0x0000000083f00000, 0x0000000083f654b8, 0x0000000084000000| 39%| O|  |TAMS 0x0000000083f00000| PB 0x0000000083f00000| Untracked 
|  64|0x0000000084000000, 0x0000000084000000, 0x0000000084100000|  0%| F|  |TAMS 0x0000000084000000| PB 0x0000000084000000| Untracked 
|  65|0x0000000084100000, 0x0000000084100000, 0x0000000084200000|  0%| F|  |TAMS 0x0000000084100000| PB 0x0000000084100000| Untracked 
|  66|0x0000000084200000, 0x0000000084200000, 0x0000000084300000|  0%| F|  |TAMS 0x0000000084200000| PB 0x0000000084200000| Untracked 
|  67|0x0000000084300000, 0x0000000084300000, 0x0000000084400000|  0%| F|  |TAMS 0x0000000084300000| PB 0x0000000084300000| Untracked 
|  68|0x0000000084400000, 0x000000008444ec80, 0x0000000084500000| 30%| S|CS|TAMS 0x0000000084400000| PB 0x0000000084400000| Complete 
|  69|0x0000000084500000, 0x0000000084600000, 0x0000000084600000|100%| S|CS|TAMS 0x0000000084500000| PB 0x0000000084500000| Complete 
|  70|0x0000000084600000, 0x0000000084700000, 0x0000000084700000|100%| S|CS|TAMS 0x0000000084600000| PB 0x0000000084600000| Complete 
|  71|0x0000000084700000, 0x0000000084800000, 0x0000000084800000|100%| S|CS|TAMS 0x0000000084700000| PB 0x0000000084700000| Complete 
|  72|0x0000000084800000, 0x0000000084800000, 0x0000000084900000|  0%| F|  |TAMS 0x0000000084800000| PB 0x0000000084800000| Untracked 
|  73|0x0000000084900000, 0x0000000084900000, 0x0000000084a00000|  0%| F|  |TAMS 0x0000000084900000| PB 0x0000000084900000| Untracked 
|  74|0x0000000084a00000, 0x0000000084a00000, 0x0000000084b00000|  0%| F|  |TAMS 0x0000000084a00000| PB 0x0000000084a00000| Untracked 
|  75|0x0000000084b00000, 0x0000000084b00000, 0x0000000084c00000|  0%| F|  |TAMS 0x0000000084b00000| PB 0x0000000084b00000| Untracked 
|  76|0x0000000084c00000, 0x0000000084c00000, 0x0000000084d00000|  0%| F|  |TAMS 0x0000000084c00000| PB 0x0000000084c00000| Untracked 
|  77|0x0000000084d00000, 0x0000000084d83828, 0x0000000084e00000| 51%| E|  |TAMS 0x0000000084d00000| PB 0x0000000084d00000| Complete 
|  78|0x0000000084e00000, 0x0000000084f00000, 0x0000000084f00000|100%| E|CS|TAMS 0x0000000084e00000| PB 0x0000000084e00000| Complete 
|  79|0x0000000084f00000, 0x0000000085000000, 0x0000000085000000|100%| E|CS|TAMS 0x0000000084f00000| PB 0x0000000084f00000| Complete 
|  80|0x0000000085000000, 0x0000000085100000, 0x0000000085100000|100%| E|CS|TAMS 0x0000000085000000| PB 0x0000000085000000| Complete 
|  81|0x0000000085100000, 0x0000000085200000, 0x0000000085200000|100%| E|CS|TAMS 0x0000000085100000| PB 0x0000000085100000| Complete 
|  82|0x0000000085200000, 0x0000000085300000, 0x0000000085300000|100%| E|CS|TAMS 0x0000000085200000| PB 0x0000000085200000| Complete 
|  83|0x0000000085300000, 0x0000000085400000, 0x0000000085400000|100%| E|CS|TAMS 0x0000000085300000| PB 0x0000000085300000| Complete 
|  84|0x0000000085400000, 0x0000000085500000, 0x0000000085500000|100%| E|CS|TAMS 0x0000000085400000| PB 0x0000000085400000| Complete 
|  85|0x0000000085500000, 0x0000000085600000, 0x0000000085600000|100%| E|CS|TAMS 0x0000000085500000| PB 0x0000000085500000| Complete 
|  86|0x0000000085600000, 0x0000000085700000, 0x0000000085700000|100%| E|CS|TAMS 0x0000000085600000| PB 0x0000000085600000| Complete 
|  87|0x0000000085700000, 0x0000000085800000, 0x0000000085800000|100%| E|CS|TAMS 0x0000000085700000| PB 0x0000000085700000| Complete 
|  88|0x0000000085800000, 0x0000000085900000, 0x0000000085900000|100%| E|CS|TAMS 0x0000000085800000| PB 0x0000000085800000| Complete 
|  89|0x0000000085900000, 0x0000000085a00000, 0x0000000085a00000|100%| E|  |TAMS 0x0000000085900000| PB 0x0000000085900000| Complete 
|  90|0x0000000085a00000, 0x0000000085b00000, 0x0000000085b00000|100%| E|CS|TAMS 0x0000000085a00000| PB 0x0000000085a00000| Complete 
| 142|0x0000000088e00000, 0x0000000088f00000, 0x0000000088f00000|100%| E|CS|TAMS 0x0000000088e00000| PB 0x0000000088e00000| Complete 
| 143|0x0000000088f00000, 0x0000000089000000, 0x0000000089000000|100%| E|CS|TAMS 0x0000000088f00000| PB 0x0000000088f00000| Complete 
| 144|0x0000000089000000, 0x0000000089100000, 0x0000000089100000|100%| E|CS|TAMS 0x0000000089000000| PB 0x0000000089000000| Complete 
| 145|0x0000000089100000, 0x0000000089200000, 0x0000000089200000|100%| E|CS|TAMS 0x0000000089100000| PB 0x0000000089100000| Complete 
| 146|0x0000000089200000, 0x0000000089300000, 0x0000000089300000|100%| E|CS|TAMS 0x0000000089200000| PB 0x0000000089200000| Complete 
| 147|0x0000000089300000, 0x0000000089400000, 0x0000000089400000|100%| E|CS|TAMS 0x0000000089300000| PB 0x0000000089300000| Complete 
| 148|0x0000000089400000, 0x0000000089500000, 0x0000000089500000|100%| E|CS|TAMS 0x0000000089400000| PB 0x0000000089400000| Complete 
| 149|0x0000000089500000, 0x0000000089600000, 0x0000000089600000|100%| E|CS|TAMS 0x0000000089500000| PB 0x0000000089500000| Complete 
| 150|0x0000000089600000, 0x0000000089700000, 0x0000000089700000|100%| E|CS|TAMS 0x0000000089600000| PB 0x0000000089600000| Complete 
| 151|0x0000000089700000, 0x0000000089800000, 0x0000000089800000|100%| E|CS|TAMS 0x0000000089700000| PB 0x0000000089700000| Complete 
| 152|0x0000000089800000, 0x0000000089900000, 0x0000000089900000|100%| E|CS|TAMS 0x0000000089800000| PB 0x0000000089800000| Complete 
| 153|0x0000000089900000, 0x0000000089a00000, 0x0000000089a00000|100%| E|CS|TAMS 0x0000000089900000| PB 0x0000000089900000| Complete 
| 154|0x0000000089a00000, 0x0000000089b00000, 0x0000000089b00000|100%| E|CS|TAMS 0x0000000089a00000| PB 0x0000000089a00000| Complete 
| 155|0x0000000089b00000, 0x0000000089c00000, 0x0000000089c00000|100%| E|CS|TAMS 0x0000000089b00000| PB 0x0000000089b00000| Complete 
| 156|0x0000000089c00000, 0x0000000089d00000, 0x0000000089d00000|100%| E|CS|TAMS 0x0000000089c00000| PB 0x0000000089c00000| Complete 
| 250|0x000000008fa00000, 0x000000008fb00000, 0x000000008fb00000|100%| E|CS|TAMS 0x000000008fa00000| PB 0x000000008fa00000| Complete 
| 251|0x000000008fb00000, 0x000000008fc00000, 0x000000008fc00000|100%| E|CS|TAMS 0x000000008fb00000| PB 0x000000008fb00000| Complete 
|2039|0x00000000ff700000, 0x00000000ff800000, 0x00000000ff800000|100%| O|  |TAMS 0x00000000ff700000| PB 0x00000000ff700000| Untracked 
|2040|0x00000000ff800000, 0x00000000ff900000, 0x00000000ff900000|100%| O|  |TAMS 0x00000000ff800000| PB 0x00000000ff800000| Untracked 
|2041|0x00000000ff900000, 0x00000000ffa00000, 0x00000000ffa00000|100%| O|  |TAMS 0x00000000ff900000| PB 0x00000000ff900000| Untracked 
|2042|0x00000000ffa00000, 0x00000000ffb00000, 0x00000000ffb00000|100%| O|  |TAMS 0x00000000ffa00000| PB 0x00000000ffa00000| Untracked 
|2043|0x00000000ffb00000, 0x00000000ffc00000, 0x00000000ffc00000|100%| O|  |TAMS 0x00000000ffb00000| PB 0x00000000ffb00000| Untracked 
|2044|0x00000000ffc00000, 0x00000000ffd00000, 0x00000000ffd00000|100%| O|  |TAMS 0x00000000ffc00000| PB 0x00000000ffc00000| Untracked 
|2045|0x00000000ffd00000, 0x00000000ffe00000, 0x00000000ffe00000|100%| O|  |TAMS 0x00000000ffd00000| PB 0x00000000ffd00000| Untracked 
|2046|0x00000000ffe00000, 0x00000000fff00000, 0x00000000fff00000|100%| O|  |TAMS 0x00000000ffe00000| PB 0x00000000ffe00000| Untracked 
|2047|0x00000000fff00000, 0x0000000100000000, 0x0000000100000000|100%| O|  |TAMS 0x00000000fff00000| PB 0x00000000fff00000| Untracked 

Card table byte_map: [0x000002069c3a0000,0x000002069c7a0000] _byte_map_base: 0x000002069bfa0000

Marking Bits: (CMBitMap*) 0x00000206824223d0
 Bits: [0x000002069c7a0000, 0x000002069e7a0000)

Polling page: 0x0000020683c30000

Metaspace:

Usage:
  Non-class:     64.74 MB used.
      Class:     10.46 MB used.
       Both:     75.20 MB used.

Virtual space:
  Non-class space:      128.00 MB reserved,      65.75 MB ( 51%) committed,  2 nodes.
      Class space:      416.00 MB reserved,      11.50 MB (  3%) committed,  1 nodes.
             Both:      544.00 MB reserved,      77.25 MB ( 14%) committed. 

Chunk freelists:
   Non-Class:  14.08 MB
       Class:  4.54 MB
        Both:  18.61 MB

MaxMetaspaceSize: 512.00 MB
CompressedClassSpaceSize: 416.00 MB
Initial GC threshold: 21.00 MB
Current GC threshold: 113.12 MB
CDS: on
 - commit_granule_bytes: 65536.
 - commit_granule_words: 8192.
 - virtual_space_node_default_size: 8388608.
 - enlarge_chunks_in_place: 1.
 - use_allocation_guard: 0.


Internal statistics:

num_allocs_failed_limit: 12.
num_arena_births: 3696.
num_arena_deaths: 0.
num_vsnodes_births: 3.
num_vsnodes_deaths: 0.
num_space_committed: 1236.
num_space_uncommitted: 0.
num_chunks_returned_to_freelist: 12.
num_chunks_taken_from_freelist: 7208.
num_chunk_merges: 12.
num_chunk_splits: 4631.
num_chunks_enlarged: 2806.
num_inconsistent_stats: 0.

CodeHeap 'non-profiled nmethods': size=120000Kb used=4958Kb max_used=4958Kb free=115041Kb
 bounds [0x0000020693ee0000, 0x00000206943c0000, 0x000002069b410000]
CodeHeap 'profiled nmethods': size=120000Kb used=15712Kb max_used=15712Kb free=104287Kb
 bounds [0x000002068c410000, 0x000002068d370000, 0x0000020693940000]
CodeHeap 'non-nmethods': size=5760Kb used=2865Kb max_used=2893Kb free=2894Kb
 bounds [0x0000020693940000, 0x0000020693c20000, 0x0000020693ee0000]
 total_blobs=9325 nmethods=8362 adapters=867
 compilation: enabled
              stopped_count=0, restarted_count=0
 full_count=0

Compilation events (20 events):
Event: 31.501 Thread 0x00000206c7ac5910 nmethod 9511 0x00000206943b2c10 code [0x00000206943b2dc0, 0x00000206943b2f08]
Event: 31.501 Thread 0x00000206c7ac5910 9512       4       sun.security.util.math.intpoly.IntegerPolynomial$MutableElement::setSquare (52 bytes)
Event: 31.502 Thread 0x00000206c7ac5910 nmethod 9512 0x00000206943b3090 code [0x00000206943b3240, 0x00000206943b3388]
Event: 31.502 Thread 0x00000206c7ac5910 9513       4       sun.security.util.math.intpoly.IntegerPolynomialP256::square (613 bytes)
Event: 31.503 Thread 0x00000206a0aa2b20 9526       3       sun.security.ec.ECOperations$PointMultiplier$Secp256R1GeneratorMultiplier::bit (13 bytes)
Event: 31.504 Thread 0x00000206a0aa2b20 nmethod 9526 0x000002068d366410 code [0x000002068d3665a0, 0x000002068d3666c8]
Event: 31.504 Thread 0x00000206a0aa2b20 9527       3       java.nio.Buffer::checkSession (14 bytes)
Event: 31.504 Thread 0x00000206a0aa2b20 nmethod 9527 0x000002068d366790 code [0x000002068d366960, 0x000002068d366d68]
Event: 31.507 Thread 0x00000206c7ac81f0 nmethod 9509 0x00000206943b3490 code [0x00000206943b3660, 0x00000206943b3af8]
Event: 31.507 Thread 0x00000206c7ac81f0 9517       4       sun.security.ec.point.ProjectivePoint$Mutable::conditionalSet (53 bytes)
Event: 31.511 Thread 0x00000206c7ac5910 nmethod 9513 0x00000206943b3e10 code [0x00000206943b3fc0, 0x00000206943b4518]
Event: 31.511 Thread 0x00000206c7ac5910 9502       4       sun.security.util.math.intpoly.IntegerPolynomialP256::reduce (40 bytes)
Event: 31.512 Thread 0x00000206c7ac5910 nmethod 9502 0x00000206943b4690 code [0x00000206943b4820, 0x00000206943b4958]
Event: 31.512 Thread 0x00000206c7ac5910 9525       4       sun.security.ec.ECOperations::setDouble (463 bytes)
Event: 31.517 Thread 0x00000206a0a99a50 nmethod 9524 0x00000206943b4a90 code [0x00000206943b4c80, 0x00000206943b5710]
Event: 31.522 Thread 0x00000206c7ac81f0 nmethod 9517 0x00000206943b5e10 code [0x00000206943b6000, 0x00000206943b68f0]
Event: 32.050 Thread 0x00000206a0aa2b20 9528       3       java.util.stream.ReferencePipeline$7::opWrapSink (10 bytes)
Event: 32.051 Thread 0x00000206a0aa2b20 nmethod 9528 0x000002068d366e90 code [0x000002068d367080, 0x000002068d367628]
Event: 32.051 Thread 0x00000206a0aa2b20 9529       3       java.util.stream.ReferencePipeline$7$1::<init> (11 bytes)
Event: 32.051 Thread 0x00000206a0aa2b20 nmethod 9529 0x000002068d367810 code [0x000002068d367a00, 0x000002068d367ee8]

GC Heap History (20 events):
Event: 16.656 GC heap before
{Heap before GC invocations=9 (full 0):
 garbage-first heap   total 108544K, used 98593K [0x0000000080000000, 0x0000000100000000)
  region size 1024K, 63 young (64512K), 5 survivors (5120K)
 Metaspace       used 39896K, committed 41344K, reserved 491520K
  class space    used 5613K, committed 6336K, reserved 425984K
}
Event: 16.660 GC heap after
{Heap after GC invocations=10 (full 0):
 garbage-first heap   total 108544K, used 37753K [0x0000000080000000, 0x0000000100000000)
  region size 1024K, 4 young (4096K), 4 survivors (4096K)
 Metaspace       used 39896K, committed 41344K, reserved 491520K
  class space    used 5613K, committed 6336K, reserved 425984K
}
Event: 17.827 GC heap before
{Heap before GC invocations=10 (full 0):
 garbage-first heap   total 108544K, used 95097K [0x0000000080000000, 0x0000000100000000)
  region size 1024K, 60 young (61440K), 4 survivors (4096K)
 Metaspace       used 46000K, committed 47680K, reserved 491520K
  class space    used 6589K, committed 7424K, reserved 425984K
}
Event: 17.830 GC heap after
{Heap after GC invocations=11 (full 0):
 garbage-first heap   total 108544K, used 41233K [0x0000000080000000, 0x0000000100000000)
  region size 1024K, 8 young (8192K), 8 survivors (8192K)
 Metaspace       used 46000K, committed 47680K, reserved 491520K
  class space    used 6589K, committed 7424K, reserved 425984K
}
Event: 19.261 GC heap before
{Heap before GC invocations=11 (full 0):
 garbage-first heap   total 108544K, used 95505K [0x0000000080000000, 0x0000000100000000)
  region size 1024K, 59 young (60416K), 8 survivors (8192K)
 Metaspace       used 52984K, committed 54720K, reserved 491520K
  class space    used 7449K, committed 8320K, reserved 425984K
}
Event: 19.264 GC heap after
{Heap after GC invocations=12 (full 0):
 garbage-first heap   total 108544K, used 44440K [0x0000000080000000, 0x0000000100000000)
  region size 1024K, 7 young (7168K), 7 survivors (7168K)
 Metaspace       used 52984K, committed 54720K, reserved 491520K
  class space    used 7449K, committed 8320K, reserved 425984K
}
Event: 20.561 GC heap before
{Heap before GC invocations=12 (full 0):
 garbage-first heap   total 108544K, used 94616K [0x0000000080000000, 0x0000000100000000)
  region size 1024K, 56 young (57344K), 7 survivors (7168K)
 Metaspace       used 56509K, committed 58240K, reserved 491520K
  class space    used 7967K, committed 8832K, reserved 425984K
}
Event: 20.566 GC heap after
{Heap after GC invocations=13 (full 0):
 garbage-first heap   total 108544K, used 48020K [0x0000000080000000, 0x0000000100000000)
  region size 1024K, 7 young (7168K), 7 survivors (7168K)
 Metaspace       used 56509K, committed 58240K, reserved 491520K
  class space    used 7967K, committed 8832K, reserved 425984K
}
Event: 21.078 GC heap before
{Heap before GC invocations=13 (full 0):
 garbage-first heap   total 108544K, used 75668K [0x0000000080000000, 0x0000000100000000)
  region size 1024K, 36 young (36864K), 7 survivors (7168K)
 Metaspace       used 58815K, committed 60736K, reserved 491520K
  class space    used 8342K, committed 9344K, reserved 425984K
}
Event: 21.081 GC heap after
{Heap after GC invocations=14 (full 0):
 garbage-first heap   total 108544K, used 50590K [0x0000000080000000, 0x0000000100000000)
  region size 1024K, 4 young (4096K), 4 survivors (4096K)
 Metaspace       used 58815K, committed 60736K, reserved 491520K
  class space    used 8342K, committed 9344K, reserved 425984K
}
Event: 22.524 GC heap before
{Heap before GC invocations=15 (full 0):
 garbage-first heap   total 108544K, used 106910K [0x0000000080000000, 0x0000000100000000)
  region size 1024K, 48 young (49152K), 4 survivors (4096K)
 Metaspace       used 63032K, committed 65024K, reserved 491520K
  class space    used 8974K, committed 9920K, reserved 425984K
}
Event: 22.528 GC heap after
{Heap after GC invocations=16 (full 0):
 garbage-first heap   total 115712K, used 66177K [0x0000000080000000, 0x0000000100000000)
  region size 1024K, 6 young (6144K), 6 survivors (6144K)
 Metaspace       used 63032K, committed 65024K, reserved 491520K
  class space    used 8974K, committed 9920K, reserved 425984K
}
Event: 23.545 GC heap before
{Heap before GC invocations=16 (full 0):
 garbage-first heap   total 115712K, used 102017K [0x0000000080000000, 0x0000000100000000)
  region size 1024K, 41 young (41984K), 6 survivors (6144K)
 Metaspace       used 65664K, committed 67648K, reserved 491520K
  class space    used 9317K, committed 10304K, reserved 425984K
}
Event: 23.548 GC heap after
{Heap after GC invocations=17 (full 0):
 garbage-first heap   total 115712K, used 67721K [0x0000000080000000, 0x0000000100000000)
  region size 1024K, 3 young (3072K), 3 survivors (3072K)
 Metaspace       used 65664K, committed 67648K, reserved 491520K
  class space    used 9317K, committed 10304K, reserved 425984K
}
Event: 24.014 GC heap before
{Heap before GC invocations=17 (full 0):
 garbage-first heap   total 115712K, used 104585K [0x0000000080000000, 0x0000000100000000)
  region size 1024K, 39 young (39936K), 3 survivors (3072K)
 Metaspace       used 67517K, committed 69504K, reserved 491520K
  class space    used 9551K, committed 10560K, reserved 425984K
}
Event: 24.017 GC heap after
{Heap after GC invocations=18 (full 0):
 garbage-first heap   total 115712K, used 71172K [0x0000000080000000, 0x0000000100000000)
  region size 1024K, 5 young (5120K), 5 survivors (5120K)
 Metaspace       used 67517K, committed 69504K, reserved 491520K
  class space    used 9551K, committed 10560K, reserved 425984K
}
Event: 25.069 GC heap before
{Heap before GC invocations=19 (full 0):
 garbage-first heap   total 119808K, used 101892K [0x0000000080000000, 0x0000000100000000)
  region size 1024K, 36 young (36864K), 5 survivors (5120K)
 Metaspace       used 68733K, committed 70784K, reserved 491520K
  class space    used 9716K, committed 10752K, reserved 425984K
}
Event: 25.073 GC heap after
{Heap after GC invocations=20 (full 0):
 garbage-first heap   total 119808K, used 74303K [0x0000000080000000, 0x0000000100000000)
  region size 1024K, 5 young (5120K), 5 survivors (5120K)
 Metaspace       used 68733K, committed 70784K, reserved 491520K
  class space    used 9716K, committed 10752K, reserved 425984K
}
Event: 25.886 GC heap before
{Heap before GC invocations=20 (full 0):
 garbage-first heap   total 119808K, used 106047K [0x0000000080000000, 0x0000000100000000)
  region size 1024K, 36 young (36864K), 5 survivors (5120K)
 Metaspace       used 70853K, committed 72960K, reserved 491520K
  class space    used 10017K, committed 11072K, reserved 425984K
}
Event: 25.889 GC heap after
{Heap after GC invocations=21 (full 0):
 garbage-first heap   total 119808K, used 75472K [0x0000000080000000, 0x0000000100000000)
  region size 1024K, 4 young (4096K), 4 survivors (4096K)
 Metaspace       used 70853K, committed 72960K, reserved 491520K
  class space    used 10017K, committed 11072K, reserved 425984K
}

Dll operation events (15 events):
Event: 0.010 Loaded shared library C:\Users\KARTIKEY KHANNA\AppData\Roaming\Code\User\globalStorage\pleiades.java-extension-pack-jdk\java\21\bin\java.dll
Event: 0.041 Loaded shared library C:\Users\KARTIKEY KHANNA\AppData\Roaming\Code\User\globalStorage\pleiades.java-extension-pack-jdk\java\21\bin\jsvml.dll
Event: 0.072 Loaded shared library C:\Users\KARTIKEY KHANNA\AppData\Roaming\Code\User\globalStorage\pleiades.java-extension-pack-jdk\java\21\bin\zip.dll
Event: 0.076 Loaded shared library C:\Users\KARTIKEY KHANNA\AppData\Roaming\Code\User\globalStorage\pleiades.java-extension-pack-jdk\java\21\bin\instrument.dll
Event: 0.080 Loaded shared library C:\Users\KARTIKEY KHANNA\AppData\Roaming\Code\User\globalStorage\pleiades.java-extension-pack-jdk\java\21\bin\net.dll
Event: 0.081 Loaded shared library C:\Users\KARTIKEY KHANNA\AppData\Roaming\Code\User\globalStorage\pleiades.java-extension-pack-jdk\java\21\bin\nio.dll
Event: 0.083 Loaded shared library C:\Users\KARTIKEY KHANNA\AppData\Roaming\Code\User\globalStorage\pleiades.java-extension-pack-jdk\java\21\bin\zip.dll
Event: 0.328 Loaded shared library C:\Users\KARTIKEY KHANNA\AppData\Roaming\Code\User\globalStorage\pleiades.java-extension-pack-jdk\java\21\bin\jimage.dll
Event: 0.443 Loaded shared library C:\Users\KARTIKEY KHANNA\AppData\Roaming\Code\User\globalStorage\pleiades.java-extension-pack-jdk\java\21\bin\verify.dll
Event: 0.576 Loaded shared library C:\Users\KARTIKEY KHANNA\.gradle\native\c067742578af261105cb4f569cf0c3c89f3d7b1fecec35dd04571415982c5e48\windows-amd64\native-platform.dll
Event: 0.666 Loaded shared library C:\Users\KARTIKEY KHANNA\.gradle\native\100fb08df4bc3b14c8652ba06237920a3bd2aa13389f12d3474272988ae205f9\windows-amd64\native-platform-file-events.dll
Event: 10.996 Loaded shared library C:\Users\KARTIKEY KHANNA\AppData\Roaming\Code\User\globalStorage\pleiades.java-extension-pack-jdk\java\21\bin\management.dll
Event: 11.000 Loaded shared library C:\Users\KARTIKEY KHANNA\AppData\Roaming\Code\User\globalStorage\pleiades.java-extension-pack-jdk\java\21\bin\management_ext.dll
Event: 11.261 Loaded shared library C:\Users\KARTIKEY KHANNA\AppData\Roaming\Code\User\globalStorage\pleiades.java-extension-pack-jdk\java\21\bin\extnet.dll
Event: 11.455 Loaded shared library C:\Users\KARTIKEY KHANNA\AppData\Roaming\Code\User\globalStorage\pleiades.java-extension-pack-jdk\java\21\bin\sunmscapi.dll

Deoptimization events (20 events):
Event: 31.404 Thread 0x00000206c1016560 Uncommon trap: trap_request=0xffffffde fr.pc=0x000002069436efa0 relative=0x00000000000004a0
Event: 31.404 Thread 0x00000206c1016560 Uncommon trap: reason=class_check action=maybe_recompile pc=0x000002069436efa0 method=java.lang.AbstractStringBuilder.<init>(Ljava/lang/String;)V @ 58 c2
Event: 31.404 Thread 0x00000206c1016560 DEOPT PACKING pc=0x000002069436efa0 sp=0x00000075b32f5c30
Event: 31.404 Thread 0x00000206c1016560 DEOPT UNPACKING pc=0x00000206939946a2 sp=0x00000075b32f5bf0 mode 2
Event: 31.404 Thread 0x00000206c1016560 Uncommon trap: trap_request=0xffffffde fr.pc=0x000002069436efa0 relative=0x00000000000004a0
Event: 31.404 Thread 0x00000206c1016560 Uncommon trap: reason=class_check action=maybe_recompile pc=0x000002069436efa0 method=java.lang.AbstractStringBuilder.<init>(Ljava/lang/String;)V @ 58 c2
Event: 31.404 Thread 0x00000206c1016560 DEOPT PACKING pc=0x000002069436efa0 sp=0x00000075b32f5c30
Event: 31.404 Thread 0x00000206c1016560 DEOPT UNPACKING pc=0x00000206939946a2 sp=0x00000075b32f5bf0 mode 2
Event: 31.407 Thread 0x00000206c1016560 Uncommon trap: trap_request=0xffffffde fr.pc=0x000002069436efa0 relative=0x00000000000004a0
Event: 31.407 Thread 0x00000206c1016560 Uncommon trap: reason=class_check action=maybe_recompile pc=0x000002069436efa0 method=java.lang.AbstractStringBuilder.<init>(Ljava/lang/String;)V @ 58 c2
Event: 31.408 Thread 0x00000206c1016560 DEOPT PACKING pc=0x000002069436efa0 sp=0x00000075b32f60c0
Event: 31.408 Thread 0x00000206c1016560 DEOPT UNPACKING pc=0x00000206939946a2 sp=0x00000075b32f6080 mode 2
Event: 31.418 Thread 0x00000206c1016560 Uncommon trap: trap_request=0xffffffc6 fr.pc=0x0000020694311d24 relative=0x0000000000000084
Event: 31.418 Thread 0x00000206c1016560 Uncommon trap: reason=bimorphic_or_optimized_type_check action=maybe_recompile pc=0x0000020694311d24 method=java.util.Collections$UnmodifiableCollection.size()I @ 4 c2
Event: 31.418 Thread 0x00000206c1016560 DEOPT PACKING pc=0x0000020694311d24 sp=0x00000075b32f60b0
Event: 31.418 Thread 0x00000206c1016560 DEOPT UNPACKING pc=0x00000206939946a2 sp=0x00000075b32f6040 mode 2
Event: 31.784 Thread 0x00000206c1016560 Uncommon trap: trap_request=0xffffff45 fr.pc=0x0000020694057ff4 relative=0x00000000000002d4
Event: 31.784 Thread 0x00000206c1016560 Uncommon trap: reason=unstable_if action=reinterpret pc=0x0000020694057ff4 method=java.nio.Buffer.<init>(IIIILjava/lang/foreign/MemorySegment;)V @ 50 c2
Event: 31.784 Thread 0x00000206c1016560 DEOPT PACKING pc=0x0000020694057ff4 sp=0x00000075b32f5d60
Event: 32.564 Thread 0x00000206c1016560 DEOPT UNPACKING pc=0x00000206939946a2 sp=0x00000075b32f5c98 mode 2

Classes loaded (20 events):
Event: 31.463 Loading class sun/security/util/math/intpoly/P521OrderField
Event: 31.463 Loading class sun/security/util/math/intpoly/P521OrderField done
Event: 31.464 Loading class java/security/interfaces/ECPrivateKey
Event: 31.464 Loading class java/security/interfaces/ECPrivateKey done
Event: 31.465 Loading class sun/security/util/ArrayUtil
Event: 31.466 Loading class sun/security/util/ArrayUtil done
Event: 31.468 Loading class sun/security/util/math/IntegerModuloP$MultiplicativeInverser$Secp256R1
Event: 31.468 Loading class sun/security/util/math/IntegerModuloP$MultiplicativeInverser$Secp256R1 done
Event: 31.504 Loading class sun/security/ssl/KeyShareExtension$CHKeyShareSpec
Event: 31.504 Loading class sun/security/ssl/KeyShareExtension$CHKeyShareSpec done
Event: 31.504 Loading class sun/security/ssl/OutputRecord$T13PaddingHolder
Event: 31.504 Loading class sun/security/ssl/OutputRecord$T13PaddingHolder done
Event: 31.504 Loading class sun/security/ssl/ContentType
Event: 31.505 Loading class sun/security/ssl/ContentType done
Event: 31.783 Loading class sun/security/ssl/Plaintext
Event: 31.783 Loading class sun/security/ssl/Plaintext done
Event: 31.783 Loading class sun/security/ssl/TransportContext$1
Event: 31.783 Loading class sun/security/ssl/TransportContext$1 done
Event: 31.783 Loading class sun/security/ssl/ServerHello$ServerHelloMessage
Event: 31.784 Loading class sun/security/ssl/ServerHello$ServerHelloMessage done

Classes unloaded (0 events):
No events

Classes redefined (0 events):
No events

Internal exceptions (20 events):
Event: 25.970 Thread 0x00000206c1016560 Exception <a 'java/lang/ClassNotFoundException'{0x000000008994f850}: org/gradle/api/internal/project/DefaultProject_DecoratedCustomizer> (0x000000008994f850) 
thrown [s\src\hotspot\share\classfile\systemDictionary.cpp, line 312]
Event: 25.977 Thread 0x00000206c1016560 Exception <a 'java/lang/IncompatibleClassChangeError'{0x00000000899ceba8}: Found class java.lang.Object, but interface was expected> (0x00000000899ceba8) 
thrown [s\src\hotspot\share\interpreter\linkResolver.cpp, line 840]
Event: 26.001 Thread 0x00000206c1016560 Exception <a 'java/lang/IncompatibleClassChangeError'{0x00000000898d7688}: Found class java.lang.Object, but interface was expected> (0x00000000898d7688) 
thrown [s\src\hotspot\share\interpreter\linkResolver.cpp, line 840]
Event: 26.036 Thread 0x00000206c1016560 Exception <a 'java/lang/ClassNotFoundException'{0x000000008968e1f8}: org/gradle/api/internal/project/DefaultAntBuilderBeanInfo> (0x000000008968e1f8) 
thrown [s\src\hotspot\share\classfile\systemDictionary.cpp, line 312]
Event: 26.036 Thread 0x00000206c1016560 Exception <a 'java/lang/ClassNotFoundException'{0x000000008969b048}: org/gradle/api/internal/project/ant/BasicAntBuilderBeanInfo> (0x000000008969b048) 
thrown [s\src\hotspot\share\classfile\systemDictionary.cpp, line 312]
Event: 26.036 Thread 0x00000206c1016560 Exception <a 'java/lang/ClassNotFoundException'{0x00000000896a7b40}: org/gradle/api/AntBuilderBeanInfo> (0x00000000896a7b40) 
thrown [s\src\hotspot\share\classfile\systemDictionary.cpp, line 312]
Event: 26.037 Thread 0x00000206c1016560 Exception <a 'java/lang/ClassNotFoundException'{0x00000000896b4558}: groovy/ant/AntBuilderBeanInfo> (0x00000000896b4558) 
thrown [s\src\hotspot\share\classfile\systemDictionary.cpp, line 312]
Event: 26.037 Thread 0x00000206c1016560 Exception <a 'java/lang/ClassNotFoundException'{0x00000000896c1050}: groovy/util/BuilderSupportBeanInfo> (0x00000000896c1050) 
thrown [s\src\hotspot\share\classfile\systemDictionary.cpp, line 312]
Event: 26.037 Thread 0x00000206c1016560 Exception <a 'java/lang/ClassNotFoundException'{0x00000000896cdb38}: groovy/util/BuilderSupportCustomizer> (0x00000000896cdb38) 
thrown [s\src\hotspot\share\classfile\systemDictionary.cpp, line 312]
Event: 26.038 Thread 0x00000206c1016560 Exception <a 'java/lang/ClassNotFoundException'{0x00000000896dcc50}: groovy/ant/AntBuilderCustomizer> (0x00000000896dcc50) 
thrown [s\src\hotspot\share\classfile\systemDictionary.cpp, line 312]
Event: 26.039 Thread 0x00000206c1016560 Exception <a 'java/lang/ClassNotFoundException'{0x00000000896ee368}: org/gradle/api/AntBuilderCustomizer> (0x00000000896ee368) 
thrown [s\src\hotspot\share\classfile\systemDictionary.cpp, line 312]
Event: 26.040 Thread 0x00000206c1016560 Exception <a 'java/lang/ClassNotFoundException'{0x0000000089506608}: org/gradle/api/internal/project/ant/BasicAntBuilderCustomizer> (0x0000000089506608) 
thrown [s\src\hotspot\share\classfile\systemDictionary.cpp, line 312]
Event: 26.041 Thread 0x00000206c1016560 Exception <a 'java/lang/ClassNotFoundException'{0x0000000089525f40}: org/gradle/api/internal/project/DefaultAntBuilderCustomizer> (0x0000000089525f40) 
thrown [s\src\hotspot\share\classfile\systemDictionary.cpp, line 312]
Event: 26.093 Thread 0x00000206c1016560 Exception <a 'java/lang/NoSuchMethodError'{0x00000000893c33a8}: 'java.lang.Object java.lang.invoke.DirectMethodHandle$Holder.newInvokeSpecial(java.lang.Object, java.lang.Object, java.lang.Object, java.lang.Object, java.lang.Object, java.lang.Object, int)'> (0x00000000893c33a8) 
thrown [s\src\hotspot\share\interpreter\linkResolver.cpp, line 773]
Event: 26.093 Thread 0x00000206c1016560 Exception <a 'java/lang/NoSuchMethodError'{0x00000000893c8888}: 'java.lang.Object java.lang.invoke.DirectMethodHandle$Holder.invokeSpecial(java.lang.Object, java.lang.Object, java.lang.Object, java.lang.Object, java.lang.Object, java.lang.Object, java.lang.Object, int)'> (0x00000000893c8888) 
thrown [s\src\hotspot\share\interpreter\linkResolver.cpp, line 773]
Event: 26.094 Thread 0x00000206c1016560 Exception <a 'java/lang/NoSuchMethodError'{0x00000000893cd6f0}: 'java.lang.Object java.lang.invoke.Invokers$Holder.linkToTargetMethod(java.lang.Object, java.lang.Object, java.lang.Object, java.lang.Object, java.lang.Object, int, java.lang.Object)'> (0x00000000893cd6f0) 
thrown [s\src\hotspot\share\interpreter\linkResolver.cpp, line 773]
Event: 26.103 Thread 0x00000206c24af1b0 Implicit null exception at 0x0000020693f37287 to 0x0000020693f3734c
Event: 26.103 Thread 0x00000206c24af1b0 Implicit null exception at 0x000002069413fb8e to 0x000002069414031c
Event: 26.103 Thread 0x00000206c24aeb20 Implicit null exception at 0x00000206942bc68b to 0x00000206942bc74c
Event: 30.744 Thread 0x00000206c1016560 Exception <a 'sun/nio/fs/WindowsException'{0x0000000088e7ff58}> (0x0000000088e7ff58) 
thrown [s\src\hotspot\share\prims\jni.cpp, line 520]

ZGC Phase Switch (0 events):
No events

VM Operations (20 events):
Event: 28.349 Executing VM operation: Cleanup done
Event: 30.351 Executing VM operation: Cleanup
Event: 30.351 Executing VM operation: Cleanup done
Event: 30.715 Executing VM operation: HandshakeAllThreads (Deoptimize)
Event: 30.715 Executing VM operation: HandshakeAllThreads (Deoptimize) done
Event: 30.717 Executing VM operation: HandshakeAllThreads (Deoptimize)
Event: 30.717 Executing VM operation: HandshakeAllThreads (Deoptimize) done
Event: 30.746 Executing VM operation: HandshakeAllThreads (Deoptimize)
Event: 30.746 Executing VM operation: HandshakeAllThreads (Deoptimize) done
Event: 30.849 Executing VM operation: HandshakeAllThreads (Deoptimize)
Event: 30.849 Executing VM operation: HandshakeAllThreads (Deoptimize) done
Event: 30.874 Executing VM operation: HandshakeAllThreads (Deoptimize)
Event: 30.874 Executing VM operation: HandshakeAllThreads (Deoptimize) done
Event: 30.966 Executing VM operation: HandshakeAllThreads (Deoptimize)
Event: 30.966 Executing VM operation: HandshakeAllThreads (Deoptimize) done
Event: 31.416 Executing VM operation: HandshakeAllThreads (Deoptimize)
Event: 31.416 Executing VM operation: HandshakeAllThreads (Deoptimize) done
Event: 31.416 Executing VM operation: Cleanup
Event: 31.416 Executing VM operation: Cleanup done
Event: 32.423 Executing VM operation: Cleanup

Memory protections (0 events):
No events

Nmethod flushes (20 events):
Event: 24.041 Thread 0x00000206a0a71ea0 flushing  nmethod 0x000002068c9fed90
Event: 24.041 Thread 0x00000206a0a71ea0 flushing  nmethod 0x000002068c9ff190
Event: 24.041 Thread 0x00000206a0a71ea0 flushing  nmethod 0x000002068ca00e90
Event: 24.041 Thread 0x00000206a0a71ea0 flushing  nmethod 0x000002068ca02090
Event: 24.041 Thread 0x00000206a0a71ea0 flushing  nmethod 0x000002068ca02890
Event: 24.041 Thread 0x00000206a0a71ea0 flushing  nmethod 0x000002068ca03e10
Event: 24.041 Thread 0x00000206a0a71ea0 flushing  nmethod 0x000002068ca04b10
Event: 24.041 Thread 0x00000206a0a71ea0 flushing  nmethod 0x000002068ca44010
Event: 24.041 Thread 0x00000206a0a71ea0 flushing  nmethod 0x000002068ca4b210
Event: 24.041 Thread 0x00000206a0a71ea0 flushing  nmethod 0x000002068ca4c310
Event: 24.041 Thread 0x00000206a0a71ea0 flushing  nmethod 0x000002068caeed10
Event: 24.041 Thread 0x00000206a0a71ea0 flushing  nmethod 0x000002068caf2b90
Event: 24.041 Thread 0x00000206a0a71ea0 flushing  nmethod 0x000002068caf3410
Event: 24.041 Thread 0x00000206a0a71ea0 flushing  nmethod 0x000002068cafad90
Event: 24.041 Thread 0x00000206a0a71ea0 flushing  nmethod 0x000002068ccb6610
Event: 24.041 Thread 0x00000206a0a71ea0 flushing  nmethod 0x000002068ccb7610
Event: 24.041 Thread 0x00000206a0a71ea0 flushing  nmethod 0x000002068ccb7a90
Event: 24.041 Thread 0x00000206a0a71ea0 flushing  nmethod 0x000002068ccbd490
Event: 24.041 Thread 0x00000206a0a71ea0 flushing  nmethod 0x000002068cd2bc90
Event: 24.041 Thread 0x00000206a0a71ea0 flushing  nmethod 0x000002068ce07c90

Events (20 events):
Event: 26.103 Thread 0x00000206c24af1b0 Thread added: 0x00000206c24ad770
Event: 26.103 Thread 0x00000206c24afed0 Thread added: 0x00000206c24ade00
Event: 26.103 Thread 0x00000206c24ad770 Thread added: 0x00000206c24aeb20
Event: 26.103 Thread 0x00000206c24afed0 Thread added: 0x00000206c24af840
Event: 26.103 Thread 0x00000206c24ad770 Thread added: 0x00000206c24ae490
Event: 26.103 Thread 0x00000206c24ade00 Thread added: 0x00000206c24b0560
Event: 26.103 Thread 0x00000206c24ae490 Thread added: 0x00000206c24b0bf0
Event: 26.104 Thread 0x00000206c24b0560 Thread added: 0x00000206c778de50
Event: 26.132 Thread 0x00000206c1016560 Thread added: 0x00000206c778e4e0
Event: 26.145 Thread 0x00000206c778e4e0 Thread added: 0x00000206c778b6f0
Event: 26.145 Thread 0x00000206c778e4e0 Thread added: 0x00000206c778bd80
Event: 27.050 Thread 0x00000206c7dc3f80 Thread exited: 0x00000206c7dc3f80
Event: 27.050 Thread 0x00000206c7dc38b0 Thread exited: 0x00000206c7dc38b0
Event: 30.821 Thread 0x00000206a0aa2b20 Thread added: 0x00000206c7ac7b20
Event: 30.890 Thread 0x00000206a0aa2b20 Thread added: 0x00000206c7ac81f0
Event: 31.052 Thread 0x00000206c7ac81f0 Thread exited: 0x00000206c7ac81f0
Event: 31.052 Thread 0x00000206c7ac7b20 Thread exited: 0x00000206c7ac7b20
Event: 31.400 Thread 0x00000206a0aa2b20 Thread added: 0x00000206c7ac5910
Event: 31.472 Thread 0x00000206a0aa2b20 Thread added: 0x00000206c7ac81f0
Event: 32.050 Thread 0x00000206c7ac81f0 Thread exited: 0x00000206c7ac81f0


Dynamic libraries:
0x00007ff7de560000 - 0x00007ff7de56e000 	C:\Users\KARTIKEY KHANNA\AppData\Roaming\Code\User\globalStorage\pleiades.java-extension-pack-jdk\java\21\bin\java.exe
0x00007ffa5dd00000 - 0x00007ffa5df63000 	C:\WINDOWS\SYSTEM32\ntdll.dll
0x00007ffa5c540000 - 0x00007ffa5c608000 	C:\WINDOWS\System32\KERNEL32.DLL
0x00007ffa5b0d0000 - 0x00007ffa5b482000 	C:\WINDOWS\System32\KERNELBASE.dll
0x00007ffa5b5e0000 - 0x00007ffa5b72b000 	C:\WINDOWS\System32\ucrtbase.dll
0x00007ff9f9310000 - 0x00007ff9f932e000 	C:\Users\KARTIKEY KHANNA\AppData\Roaming\Code\User\globalStorage\pleiades.java-extension-pack-jdk\java\21\bin\VCRUNTIME140.dll
0x00007ff9fbe00000 - 0x00007ff9fbe18000 	C:\Users\KARTIKEY KHANNA\AppData\Roaming\Code\User\globalStorage\pleiades.java-extension-pack-jdk\java\21\bin\jli.dll
0x00007ffa5c830000 - 0x00007ffa5c9f8000 	C:\WINDOWS\System32\USER32.dll
0x00007ffa35a20000 - 0x00007ffa35cb0000 	C:\WINDOWS\WinSxS\amd64_microsoft.windows.common-controls_6595b64144ccf1df_6.0.26100.2454_none_3e0b68a2e331ad60\COMCTL32.dll
0x00007ffa5b730000 - 0x00007ffa5b757000 	C:\WINDOWS\System32\win32u.dll
0x00007ffa5c800000 - 0x00007ffa5c82a000 	C:\WINDOWS\System32\GDI32.dll
0x00007ffa5ba30000 - 0x00007ffa5bb5b000 	C:\WINDOWS\System32\gdi32full.dll
0x00007ffa5c750000 - 0x00007ffa5c7f9000 	C:\WINDOWS\System32\msvcrt.dll
0x00007ffa5b760000 - 0x00007ffa5b803000 	C:\WINDOWS\System32\msvcp_win.dll
0x00007ffa5db30000 - 0x00007ffa5db5f000 	C:\WINDOWS\System32\IMM32.DLL
0x00007ffa0f130000 - 0x00007ffa0f13c000 	C:\Users\KARTIKEY KHANNA\AppData\Roaming\Code\User\globalStorage\pleiades.java-extension-pack-jdk\java\21\bin\vcruntime140_1.dll
0x00007ff9bf220000 - 0x00007ff9bf2ad000 	C:\Users\KARTIKEY KHANNA\AppData\Roaming\Code\User\globalStorage\pleiades.java-extension-pack-jdk\java\21\bin\msvcp140.dll
0x00007ff98b5e0000 - 0x00007ff98c36f000 	C:\Users\KARTIKEY KHANNA\AppData\Roaming\Code\User\globalStorage\pleiades.java-extension-pack-jdk\java\21\bin\server\jvm.dll
0x00007ffa5c480000 - 0x00007ffa5c534000 	C:\WINDOWS\System32\ADVAPI32.dll
0x00007ffa5c270000 - 0x00007ffa5c316000 	C:\WINDOWS\System32\sechost.dll
0x00007ffa5dba0000 - 0x00007ffa5dcb6000 	C:\WINDOWS\System32\RPCRT4.dll
0x00007ffa5cf30000 - 0x00007ffa5cfa4000 	C:\WINDOWS\System32\WS2_32.dll
0x00007ffa5a8a0000 - 0x00007ffa5a8ee000 	C:\WINDOWS\SYSTEM32\POWRPROF.dll
0x00007ffa466e0000 - 0x00007ffa46716000 	C:\WINDOWS\SYSTEM32\WINMM.dll
0x00007ffa4f800000 - 0x00007ffa4f80b000 	C:\WINDOWS\SYSTEM32\VERSION.dll
0x00007ffa5a880000 - 0x00007ffa5a894000 	C:\WINDOWS\SYSTEM32\UMPDC.dll
0x00007ffa59ed0000 - 0x00007ffa59eea000 	C:\WINDOWS\SYSTEM32\kernel.appcore.dll
0x00007ffa0f100000 - 0x00007ffa0f10a000 	C:\Users\KARTIKEY KHANNA\AppData\Roaming\Code\User\globalStorage\pleiades.java-extension-pack-jdk\java\21\bin\jimage.dll
0x00007ffa58780000 - 0x00007ffa589c1000 	C:\WINDOWS\SYSTEM32\DBGHELP.DLL
0x00007ffa5cba0000 - 0x00007ffa5cf1e000 	C:\WINDOWS\System32\combase.dll
0x00007ffa5d3d0000 - 0x00007ffa5d4a6000 	C:\WINDOWS\System32\OLEAUT32.dll
0x00007ffa3c520000 - 0x00007ffa3c559000 	C:\WINDOWS\SYSTEM32\dbgcore.DLL
0x00007ffa5b810000 - 0x00007ffa5b8a9000 	C:\WINDOWS\System32\bcryptPrimitives.dll
0x00007ffa260d0000 - 0x00007ffa260df000 	C:\Users\KARTIKEY KHANNA\AppData\Roaming\Code\User\globalStorage\pleiades.java-extension-pack-jdk\java\21\bin\instrument.dll
0x00007ff9ea7c0000 - 0x00007ff9ea7df000 	C:\Users\KARTIKEY KHANNA\AppData\Roaming\Code\User\globalStorage\pleiades.java-extension-pack-jdk\java\21\bin\java.dll
0x00007ffa5bb60000 - 0x00007ffa5c260000 	C:\WINDOWS\System32\SHELL32.dll
0x00007ffa58ba0000 - 0x00007ffa593d1000 	C:\WINDOWS\SYSTEM32\windows.storage.dll
0x00007ffa5c670000 - 0x00007ffa5c74a000 	C:\WINDOWS\System32\SHCORE.dll
0x00007ffa5cfb0000 - 0x00007ffa5d00d000 	C:\WINDOWS\System32\shlwapi.dll
0x00007ffa5afe0000 - 0x00007ffa5b00e000 	C:\WINDOWS\SYSTEM32\profapi.dll
0x00007ff997240000 - 0x00007ff997317000 	C:\Users\KARTIKEY KHANNA\AppData\Roaming\Code\User\globalStorage\pleiades.java-extension-pack-jdk\java\21\bin\jsvml.dll
0x00007ff9e9e10000 - 0x00007ff9e9e28000 	C:\Users\KARTIKEY KHANNA\AppData\Roaming\Code\User\globalStorage\pleiades.java-extension-pack-jdk\java\21\bin\zip.dll
0x00007ffa0d710000 - 0x00007ffa0d720000 	C:\Users\KARTIKEY KHANNA\AppData\Roaming\Code\User\globalStorage\pleiades.java-extension-pack-jdk\java\21\bin\net.dll
0x00007ffa56520000 - 0x00007ffa56646000 	C:\WINDOWS\SYSTEM32\WINHTTP.dll
0x00007ffa5a3b0000 - 0x00007ffa5a418000 	C:\WINDOWS\system32\mswsock.dll
0x00007ff9e9e30000 - 0x00007ff9e9e46000 	C:\Users\KARTIKEY KHANNA\AppData\Roaming\Code\User\globalStorage\pleiades.java-extension-pack-jdk\java\21\bin\nio.dll
0x00007ffa0d2d0000 - 0x00007ffa0d2e0000 	C:\Users\KARTIKEY KHANNA\AppData\Roaming\Code\User\globalStorage\pleiades.java-extension-pack-jdk\java\21\bin\verify.dll
0x00007ffa10e00000 - 0x00007ffa10e27000 	C:\Users\KARTIKEY KHANNA\.gradle\native\c067742578af261105cb4f569cf0c3c89f3d7b1fecec35dd04571415982c5e48\windows-amd64\native-platform.dll
0x00007ff9c8b70000 - 0x00007ff9c8cb4000 	C:\Users\KARTIKEY KHANNA\.gradle\native\100fb08df4bc3b14c8652ba06237920a3bd2aa13389f12d3474272988ae205f9\windows-amd64\native-platform-file-events.dll
0x00007ffa31890000 - 0x00007ffa3189a000 	C:\Users\KARTIKEY KHANNA\AppData\Roaming\Code\User\globalStorage\pleiades.java-extension-pack-jdk\java\21\bin\management.dll
0x00007ffa31880000 - 0x00007ffa3188b000 	C:\Users\KARTIKEY KHANNA\AppData\Roaming\Code\User\globalStorage\pleiades.java-extension-pack-jdk\java\21\bin\management_ext.dll
0x00007ffa5db10000 - 0x00007ffa5db18000 	C:\WINDOWS\System32\PSAPI.DLL
0x00007ffa5a6f0000 - 0x00007ffa5a70c000 	C:\WINDOWS\SYSTEM32\CRYPTSP.dll
0x00007ffa59e30000 - 0x00007ffa59e68000 	C:\WINDOWS\system32\rsaenh.dll
0x00007ffa5a450000 - 0x00007ffa5a47b000 	C:\WINDOWS\SYSTEM32\USERENV.dll
0x00007ffa5a990000 - 0x00007ffa5a9b6000 	C:\WINDOWS\SYSTEM32\bcrypt.dll
0x00007ffa5a5e0000 - 0x00007ffa5a5ec000 	C:\WINDOWS\SYSTEM32\CRYPTBASE.dll
0x00007ffa596f0000 - 0x00007ffa59722000 	C:\WINDOWS\SYSTEM32\IPHLPAPI.DLL
0x00007ffa5db90000 - 0x00007ffa5db9a000 	C:\WINDOWS\System32\NSI.dll
0x00007ffa260e0000 - 0x00007ffa260e9000 	C:\Users\KARTIKEY KHANNA\AppData\Roaming\Code\User\globalStorage\pleiades.java-extension-pack-jdk\java\21\bin\extnet.dll
0x00007ffa10df0000 - 0x00007ffa10dfe000 	C:\Users\KARTIKEY KHANNA\AppData\Roaming\Code\User\globalStorage\pleiades.java-extension-pack-jdk\java\21\bin\sunmscapi.dll
0x00007ffa5b8b0000 - 0x00007ffa5ba26000 	C:\WINDOWS\System32\CRYPT32.dll
0x00007ffa5a950000 - 0x00007ffa5a980000 	C:\WINDOWS\SYSTEM32\ncrypt.dll
0x00007ffa5a900000 - 0x00007ffa5a93f000 	C:\WINDOWS\SYSTEM32\NTASN1.dll
0x00007ffa30060000 - 0x00007ffa30068000 	C:\WINDOWS\system32\wshunix.dll
0x00007ffa10af0000 - 0x00007ffa10b08000 	C:\WINDOWS\system32\napinsp.dll
0x00007ffa59730000 - 0x00007ffa59855000 	C:\WINDOWS\SYSTEM32\DNSAPI.dll
0x00007ffa10a70000 - 0x00007ffa10a82000 	C:\WINDOWS\System32\winrnr.dll
0x00007ffa10a40000 - 0x00007ffa10a62000 	C:\WINDOWS\system32\nlansp_c.dll
0x00007ffa17d40000 - 0x00007ffa17d56000 	C:\WINDOWS\system32\wshbth.dll
0x00007ffa55ca0000 - 0x00007ffa55cab000 	C:\Windows\System32\rasadhlp.dll
0x00007ffa56fa0000 - 0x00007ffa57025000 	C:\WINDOWS\System32\fwpuclnt.dll

dbghelp: loaded successfully - version: 4.0.5 - missing functions: none
symbol engine: initialized successfully - sym options: 0x614 - pdb path: .;C:\Users\KARTIKEY KHANNA\AppData\Roaming\Code\User\globalStorage\pleiades.java-extension-pack-jdk\java\21\bin;C:\WINDOWS\SYSTEM32;C:\WINDOWS\WinSxS\amd64_microsoft.windows.common-controls_6595b64144ccf1df_6.0.26100.2454_none_3e0b68a2e331ad60;C:\Users\KARTIKEY KHANNA\AppData\Roaming\Code\User\globalStorage\pleiades.java-extension-pack-jdk\java\21\bin\server;C:\Users\KARTIKEY KHANNA\.gradle\native\c067742578af261105cb4f569cf0c3c89f3d7b1fecec35dd04571415982c5e48\windows-amd64;C:\Users\KARTIKEY KHANNA\.gradle\native\100fb08df4bc3b14c8652ba06237920a3bd2aa13389f12d3474272988ae205f9\windows-amd64

VM Arguments:
jvm_args: -XX:MaxMetaspaceSize=512m --add-opens=java.base/java.util=ALL-UNNAMED --add-opens=java.base/java.lang=ALL-UNNAMED --add-opens=java.base/java.lang.invoke=ALL-UNNAMED --add-opens=java.prefs/java.util.prefs=ALL-UNNAMED --add-exports=jdk.compiler/com.sun.tools.javac.api=ALL-UNNAMED --add-exports=jdk.compiler/com.sun.tools.javac.util=ALL-UNNAMED --add-opens=java.base/java.nio.charset=ALL-UNNAMED --add-opens=java.base/java.net=ALL-UNNAMED --add-opens=java.base/java.util.concurrent.atomic=ALL-UNNAMED -Xmx2048m -Dfile.encoding=UTF-8 -Duser.country=CA -Duser.language=en -Duser.variant -javaagent:C:\Users\KARTIKEY KHANNA\.gradle\wrapper\dists\gradle-8.10.2-all\7iv73wktx1xtkvlq19urqw1wm\gradle-8.10.2\lib\agents\gradle-instrumentation-agent-8.10.2.jar 
java_command: org.gradle.launcher.daemon.bootstrap.GradleDaemon 8.10.2
java_class_path (initial): C:\Users\KARTIKEY KHANNA\.gradle\wrapper\dists\gradle-8.10.2-all\7iv73wktx1xtkvlq19urqw1wm\gradle-8.10.2\lib\gradle-daemon-main-8.10.2.jar
Launcher Type: SUN_STANDARD

[Global flags]
     intx CICompilerCount                          = 4                                         {product} {ergonomic}
   size_t CompressedClassSpaceSize                 = 436207616                                 {product} {ergonomic}
     uint ConcGCThreads                            = 3                                         {product} {ergonomic}
     uint G1ConcRefinementThreads                  = 10                                        {product} {ergonomic}
   size_t G1HeapRegionSize                         = 1048576                                   {product} {ergonomic}
    uintx GCDrainStackTargetSize                   = 64                                        {product} {ergonomic}
   size_t InitialHeapSize                          = 264241152                                 {product} {ergonomic}
   size_t MarkStackSize                            = 4194304                                   {product} {ergonomic}
   size_t MaxHeapSize                              = 2147483648                                {product} {command line}
   size_t MaxMetaspaceSize                         = 536870912                                 {product} {command line}
   size_t MaxNewSize                               = 1287651328                                {product} {ergonomic}
   size_t MinHeapDeltaBytes                        = 1048576                                   {product} {ergonomic}
   size_t MinHeapSize                              = 8388608                                   {product} {ergonomic}
    uintx NonNMethodCodeHeapSize                   = 5839372                                {pd product} {ergonomic}
    uintx NonProfiledCodeHeapSize                  = 122909434                              {pd product} {ergonomic}
    uintx ProfiledCodeHeapSize                     = 122909434                              {pd product} {ergonomic}
    uintx ReservedCodeCacheSize                    = 251658240                              {pd product} {ergonomic}
     bool SegmentedCodeCache                       = true                                      {product} {ergonomic}
   size_t SoftMaxHeapSize                          = 2147483648                             {manageable} {ergonomic}
     bool UseCompressedOops                        = true                           {product lp64_product} {ergonomic}
     bool UseG1GC                                  = true                                      {product} {ergonomic}
     bool UseLargePagesIndividualAllocation        = false                                  {pd product} {ergonomic}

Logging:
Log output configuration:
 #0: stdout all=warning uptime,level,tags foldmultilines=false
 #1: stderr all=off uptime,level,tags foldmultilines=false

Environment Variables:
JAVA_HOME=C:\Users\KARTIKEY KHANNA\AppData\Roaming\Code\User\globalStorage\pleiades.java-extension-pack-jdk\java\21
CLASSPATH=D:\app\Healthify_2\android\\gradle\wrapper\gradle-wrapper.jar
PATH=D:\app\Healthify_2\node_modules\.bin;D:\app\Healthify_2\node_modules\.bin;D:\app\node_modules\.bin;D:\node_modules\.bin;C:\Program Files\nodejs\node_modules\npm\node_modules\@npmcli\run-script\lib\node-gyp-bin;D:\app\Healthify_2\node_modules\.bin;D:\app\Healthify_2\node_modules\.bin;D:\app\node_modules\.bin;D:\node_modules\.bin;C:\Program Files\nodejs\node_modules\npm\node_modules\@npmcli\run-script\lib\node-gyp-bin;C:\Users\KARTIKEY KHANNA\bin;C:\Program Files\Git\mingw64\bin;C:\Program Files\Git\usr\local\bin;C:\Program Files\Git\usr\bin;C:\Program Files\Git\usr\bin;C:\Program Files\Git\mingw64\bin;C:\Program Files\Git\usr\bin;C:\Users\KARTIKEY KHANNA\bin;C:\Users\KARTIKEY KHANNA\AppData\Roaming\Code\User\globalStorage\pleiades.java-extension-pack-jdk\gradle\latest\bin;C:\Users\KARTIKEY KHANNA\AppData\Roaming\Code\User\globalStorage\pleiades.java-extension-pack-jdk\maven\latest\bin;C:\Users\KARTIKEY KHANNA\AppData\Roaming\Code\User\globalStorage\pleiades.java-extension-pack-jdk\java\21\bin;C:\Program Files (x86)\Common Files\Oracle\Java\javapath;C:\windows\system32;C:\windows;C:\windows\System32\Wbem;C:\windows\System32\WindowsPowerShell\v1.0;C:\windows\System32\OpenSSH;C:\Program Files (x86)\NVIDIA Corporation\PhysX\Common;C:\Program Files\NVIDIA Corporation\NVIDIA NvDLISR;C:\Program Files\nodejs;C:\Program Files\Git\cmd;C:\Program Files\dotnet;C:\WINDOWS\system32;C:\WINDOWS;C:\WINDOWS\System32\Wbem;C:\WINDOWS\System32\WindowsPowerShell\v1.0;C:\WINDOWS\System32\OpenSSH;C:\Users\KARTIKEY KHANNA\AppData\Local\Microsoft\WindowsApps;C:\Users\KARTIKEY KHANNA\AppData\Local\Programs\Microsoft VS Code\bin;C:\Users\KARTIKEY KHANNA\AppData\Roaming\npm;C:\Users\KARTIKEY KHANNA\AppData\Local\GitHubDesktop\bin;D:\;C:\Program Files\Git\usr\bin\vendor_perl;C:\Program Files\Git\usr\bin\core_perl
USERNAME=KARTIKEY KHANNA
SHELL=C:\Program Files\Git\usr\bin\bash.exe
DISPLAY=needs-to-be-defined
LANG=en_US.UTF-8
TERM=xterm-256color
TMPDIR=C:\Users\KARTIK~1\AppData\Local\Temp
OS=Windows_NT
PROCESSOR_IDENTIFIER=Intel64 Family 6 Model 154 Stepping 3, GenuineIntel
TMP=C:\Users\KARTIK~1\AppData\Local\Temp
TEMP=C:\Users\KARTIK~1\AppData\Local\Temp




Periodic native trim disabled

---------------  S Y S T E M  ---------------

OS:
 Windows 11 , 64 bit Build 26100 (10.0.26100.2454)
OS uptime: 0 days 2:04 hours
Hyper-V role detected

CPU: total 12 (initial active 12) (6 cores per cpu, 2 threads per core) family 6 model 154 stepping 3 microcode 0x432, cx8, cmov, fxsr, ht, mmx, 3dnowpref, sse, sse2, sse3, ssse3, sse4.1, sse4.2, popcnt, lzcnt, tsc, tscinvbit, avx, avx2, aes, erms, clmul, bmi1, bmi2, adx, sha, fma, vzeroupper, clflush, clflushopt, clwb, hv, serialize, rdtscp, rdpid, fsrm, f16c, cet_ibt, cet_ss
Processor Information for processor 0
  Max Mhz: 2000, Current Mhz: 2000, Mhz Limit: 2000
Processor Information for processor 1
  Max Mhz: 2000, Current Mhz: 2000, Mhz Limit: 2000
Processor Information for processor 2
  Max Mhz: 2000, Current Mhz: 2000, Mhz Limit: 2000
Processor Information for processor 3
  Max Mhz: 2000, Current Mhz: 2000, Mhz Limit: 2000
Processor Information for processor 4
  Max Mhz: 2000, Current Mhz: 2000, Mhz Limit: 2000
Processor Information for processor 5
  Max Mhz: 2000, Current Mhz: 2000, Mhz Limit: 2000
Processor Information for processor 6
  Max Mhz: 2000, Current Mhz: 2000, Mhz Limit: 2000
Processor Information for processor 7
  Max Mhz: 2000, Current Mhz: 2000, Mhz Limit: 2000
Processor Information for processor 8
  Max Mhz: 2000, Current Mhz: 1500, Mhz Limit: 1500
Processor Information for processor 9
  Max Mhz: 2000, Current Mhz: 1500, Mhz Limit: 1500
Processor Information for processor 10
  Max Mhz: 2000, Current Mhz: 1500, Mhz Limit: 1500
Processor Information for processor 11
  Max Mhz: 2000, Current Mhz: 1500, Mhz Limit: 1500

Memory: 4k page, system-wide physical 16052M (1907M free)
TotalPageFile size 16052M (AvailPageFile size 3M)
current process WorkingSet (physical memory assigned to process): 356M, peak: 356M
current process commit charge ("private bytes"): 399M, peak: 448M

vm_info: OpenJDK 64-Bit Server VM (21.0.5+11-LTS) for windows-amd64 JRE (21.0.5+11-LTS), built on 2024-10-15T00:00:00Z by "admin" with MS VC++ 17.7 (VS2022)

END.
